2023-05-11 07:08:41,207 [INFO] Activator:176 - 


2023-05-11 07:08:41,214 [INFO] Activator:177 - !SESSION log4j initialized
2023-05-11 07:08:49,323 [INFO] LogOutputStream:77 - [STDOUT_REDIRECT] 
2023-05-11 07:09:08,114 [ERROR] LogOutputStream:75 - [STDERR_REDIRECT] SLF4J: Failed to load class "org.slf4j.impl.StaticLoggerBinder".
2023-05-11 07:09:08,115 [ERROR] LogOutputStream:75 - [STDERR_REDIRECT] SLF4J: Defaulting to no-operation (NOP) logger implementation
2023-05-11 07:09:08,117 [ERROR] LogOutputStream:75 - [STDERR_REDIRECT] SLF4J: See http://www.slf4j.org/codes.html#StaticLoggerBinder for further details.
2023-05-11 12:13:17,231 [INFO] Activator:176 - 


2023-05-11 12:13:17,233 [INFO] Activator:177 - !SESSION log4j initialized
2023-05-11 12:13:23,197 [INFO] LogOutputStream:77 - [STDOUT_REDIRECT] 
2023-05-11 12:13:42,028 [ERROR] LogOutputStream:75 - [STDERR_REDIRECT] SLF4J: Failed to load class "org.slf4j.impl.StaticLoggerBinder".
2023-05-11 12:13:42,029 [ERROR] LogOutputStream:75 - [STDERR_REDIRECT] SLF4J: Defaulting to no-operation (NOP) logger implementation
2023-05-11 12:13:42,030 [ERROR] LogOutputStream:75 - [STDERR_REDIRECT] SLF4J: See http://www.slf4j.org/codes.html#StaticLoggerBinder for further details.
2023-05-11 13:27:50,809 [INFO] ApplicationProperties:184 - Using Application install path: C:\ST\STM32CubeIDE_1.11.0\STM32CubeIDE\plugins\com.st.stm32cube.common.mx_6.8.1.202304191431
2023-05-11 13:27:50,848 [INFO] DbMcusXml:78 - Set database path to: C:\ST\STM32CubeIDE_1.11.0\STM32CubeIDE\plugins\com.st.stm32cube.common.mx_6.8.1.202304191431\\db\/mcu/
2023-05-11 13:27:50,849 [INFO] ApiDb:274 - Set plugin database path to: C:\ST\STM32CubeIDE_1.11.0\STM32CubeIDE\plugins\com.st.stm32cube.common.mx_6.8.1.202304191431\\db\/plugins/boardmanager/
2023-05-11 13:27:50,854 [WARN] ApiDb:259 - Overriding images path with different value:  => C:\ST\STM32CubeIDE_1.11.0\STM32CubeIDE\plugins\com.st.stm32cube.common.mx_6.8.1.202304191431\\db\/plugins/mcufinder/images/
2023-05-11 13:27:50,892 [INFO] ApiDb:250 - Set database path to: C:\Users\ADMIN\.stmcufinder\plugins\mcufinder//mcu/
2023-05-11 13:27:50,894 [INFO] DbMcusAds:125 - Set database path to: C:\Users\ADMIN\.stmcufinder\plugins\mcufinder//mcu/
2023-05-11 13:27:51,849 [INFO] CrossReferenceDbSqlite:203 - Set database path to: C:\Users\ADMIN\.stmcufinder\plugins\mcufinder//mcu/cs/
2023-05-11 13:27:52,109 [INFO] RulesReader:64 - Compatibility file has been processed (293 Rules)
2023-05-11 13:27:52,226 [INFO] DbMcusXml:78 - Set database path to: C:\ST\STM32CubeIDE_1.11.0\STM32CubeIDE\plugins\com.st.stm32cube.common.mx_6.8.1.202304191431\\db\/mcu/
2023-05-11 13:27:52,226 [INFO] ApiDb:274 - Set plugin database path to: C:\ST\STM32CubeIDE_1.11.0\STM32CubeIDE\plugins\com.st.stm32cube.common.mx_6.8.1.202304191431\\db\/plugins/boardmanager/
2023-05-11 13:27:52,226 [INFO] ApiDb:261 - Set plugin images path to: C:\ST\STM32CubeIDE_1.11.0\STM32CubeIDE\plugins\com.st.stm32cube.common.mx_6.8.1.202304191431\\db\/plugins/mcufinder/images/
2023-05-11 13:27:52,227 [WARN] DbFile:41 - Overriding database path with different value: C:\Users\ADMIN\.stmcufinder\plugins\mcufinder/ => C:\Users\ADMIN\.stmcufinder\plugins\mcufinder
2023-05-11 13:27:52,227 [INFO] ApiDb:250 - Set database path to: C:\Users\ADMIN\.stmcufinder\plugins\mcufinder//mcu/
2023-05-11 13:27:52,227 [WARN] DbFile:41 - Overriding database path with different value: C:\Users\ADMIN\.stmcufinder\plugins\mcufinder/ => C:\Users\ADMIN\.stmcufinder\plugins\mcufinder
2023-05-11 13:27:52,227 [INFO] DbMcusAds:125 - Set database path to: C:\Users\ADMIN\.stmcufinder\plugins\mcufinder//mcu/
2023-05-11 13:27:52,227 [WARN] DbFile:41 - Overriding database path with different value: C:\Users\ADMIN\.stmcufinder\plugins\mcufinder/ => C:\Users\ADMIN\.stmcufinder\plugins\mcufinder
2023-05-11 13:27:52,227 [WARN] DbFile:41 - Overriding database path with different value: C:\Users\ADMIN\.stmcufinder\plugins\mcufinder/ => C:\Users\ADMIN\.stmcufinder\plugins\mcufinder
2023-05-11 13:27:52,848 [INFO] CrossReferenceDbSqlite:203 - Set database path to: C:\Users\ADMIN\.stmcufinder\plugins\mcufinder//mcu/cs/
2023-05-11 13:27:53,008 [INFO] MainPanel:253 - HeapMemory: 414187520
2023-05-11 13:27:53,162 [INFO] DbMcusXml:78 - Set database path to: C:\ST\STM32CubeIDE_1.11.0\STM32CubeIDE\plugins\com.st.stm32cube.common.mx_6.8.1.202304191431\\db\/mcu/
2023-05-11 13:27:53,162 [INFO] ApiDb:274 - Set plugin database path to: C:\ST\STM32CubeIDE_1.11.0\STM32CubeIDE\plugins\com.st.stm32cube.common.mx_6.8.1.202304191431\\db\/plugins/boardmanager/
2023-05-11 13:27:53,162 [INFO] ApiDb:261 - Set plugin images path to: C:\ST\STM32CubeIDE_1.11.0\STM32CubeIDE\plugins\com.st.stm32cube.common.mx_6.8.1.202304191431\\db\/plugins/mcufinder/images/
2023-05-11 13:27:53,163 [WARN] DbFile:41 - Overriding database path with different value: C:\Users\ADMIN\.stmcufinder\plugins\mcufinder/ => C:\Users\ADMIN\.stmcufinder\plugins\mcufinder
2023-05-11 13:27:53,163 [INFO] ApiDb:250 - Set database path to: C:\Users\ADMIN\.stmcufinder\plugins\mcufinder//mcu/
2023-05-11 13:27:53,164 [WARN] DbFile:41 - Overriding database path with different value: C:\Users\ADMIN\.stmcufinder\plugins\mcufinder/ => C:\Users\ADMIN\.stmcufinder\plugins\mcufinder
2023-05-11 13:27:53,164 [INFO] DbMcusAds:125 - Set database path to: C:\Users\ADMIN\.stmcufinder\plugins\mcufinder//mcu/
2023-05-11 13:27:53,164 [WARN] DbFile:41 - Overriding database path with different value: C:\Users\ADMIN\.stmcufinder\plugins\mcufinder/ => C:\Users\ADMIN\.stmcufinder\plugins\mcufinder
2023-05-11 13:27:53,164 [WARN] DbFile:41 - Overriding database path with different value: C:\Users\ADMIN\.stmcufinder\plugins\mcufinder/ => C:\Users\ADMIN\.stmcufinder\plugins\mcufinder
2023-05-11 13:27:53,849 [INFO] CrossReferenceDbSqlite:203 - Set database path to: C:\Users\ADMIN\.stmcufinder\plugins\mcufinder//mcu/cs/
2023-05-11 13:27:53,898 [INFO] ApplicationProperties:184 - Using Application install path: C:\ST\STM32CubeIDE_1.11.0\STM32CubeIDE\plugins\com.st.stm32cube.common.mx_6.8.1.202304191431
2023-05-11 13:27:53,901 [INFO] PluginManage:196 - Search for loadable plugins [exclusion list=, ]
2023-05-11 13:27:53,905 [INFO] PluginManage:310 - Check plugin analytics
2023-05-11 13:27:54,981 [INFO] AnalyticsPlugin:253 - Accepted Software Licenses: STM32CubeMX.6.7.0
2023-05-11 13:27:54,982 [INFO] AnalyticsPlugin:255 - Accepted CMSIS Pack Licenses: 
2023-05-11 13:27:54,983 [INFO] AnalyticsPlugin:257 - Accepted Firmware Licenses: FW.F4.1.27.0
2023-05-11 13:27:55,000 [INFO] PluginManage:359 - Loaded plugin analytics (category:tool,tabindex:-1)
2023-05-11 13:27:55,000 [INFO] PluginManage:310 - Check plugin cadmodel
2023-05-11 13:27:55,039 [INFO] CADModel:105 - Init CAD model plugin
2023-05-11 13:27:55,039 [INFO] PluginManage:359 - Loaded plugin cadmodel (category:power,tabindex:5)
2023-05-11 13:27:55,039 [INFO] PluginManage:310 - Check plugin clock
2023-05-11 13:27:55,085 [INFO] PluginManage:359 - Loaded plugin clock (category:base,tabindex:2)
2023-05-11 13:27:55,086 [INFO] PluginManage:310 - Check plugin ddr
2023-05-11 13:27:55,091 [INFO] PluginManage:359 - Loaded plugin ddr (category:tool,tabindex:6)
2023-05-11 13:27:55,092 [INFO] PluginManage:310 - Check plugin filemanager
2023-05-11 13:27:55,324 [INFO] PluginManage:359 - Loaded plugin filemanager (category:base,tabindex:10)
2023-05-11 13:27:55,325 [INFO] PluginManage:310 - Check plugin ipmanager
2023-05-11 13:27:55,335 [INFO] PluginManage:359 - Loaded plugin ipmanager (category:base,tabindex:5)
2023-05-11 13:27:55,336 [INFO] PluginManage:310 - Check plugin lpbam
2023-05-11 13:27:55,361 [INFO] PluginManage:359 - Loaded plugin lpbam (category:base,tabindex:0)
2023-05-11 13:27:55,361 [INFO] PluginManage:310 - Check plugin pinoutandconfiguration
2023-05-11 13:27:55,390 [INFO] PluginManage:359 - Loaded plugin pinoutandconfiguration (category:base,tabindex:1)
2023-05-11 13:27:55,390 [INFO] PluginManage:310 - Check plugin pinoutconfig
2023-05-11 13:27:55,517 [WARN] SupportedApi:132 - Cannot load RTOS API schema: s4s-elt-must-match.1: The content of 'definitions' must match (annotation?, (simpleType | complexType)?, (unique | key | keyref)*)). A problem was found starting at: attribute.
2023-05-11 13:27:55,721 [INFO] PluginManage:359 - Loaded plugin pinoutconfig (category:base,tabindex:0)
2023-05-11 13:27:55,721 [INFO] PluginManage:310 - Check plugin power
2023-05-11 13:27:55,751 [INFO] PluginManage:359 - Loaded plugin power (category:power,tabindex:4)
2023-05-11 13:27:55,752 [INFO] PluginManage:310 - Check plugin projectmanager
2023-05-11 13:27:55,773 [INFO] PluginManage:359 - Loaded plugin projectmanager (category:projectmanager,tabindex:3)
2023-05-11 13:27:55,774 [INFO] PluginManage:310 - Check plugin thirdparty
2023-05-11 13:27:56,175 [INFO] PluginManage:359 - Loaded plugin thirdparty (category:base,tabindex:-1)
2023-05-11 13:27:56,175 [WARN] IntegrityCheckThread:84 - waiting for thirdparty lock release [integrity check]
2023-05-11 13:27:56,175 [INFO] PluginManage:310 - Check plugin tools
2023-05-11 13:27:56,175 [INFO] IntegrityCheckThread:86 - entering critical section [integrity check]
2023-05-11 13:27:56,178 [INFO] ThirdPartyUpdaterWithRetryManager:70 - Updater plugin not ready yet. [1/15]
2023-05-11 13:27:56,222 [INFO] PluginManage:359 - Loaded plugin tools (category:base,tabindex:7)
2023-05-11 13:27:56,222 [INFO] PluginManage:310 - Check plugin tutovideos
2023-05-11 13:27:56,639 [INFO] PluginManage:359 - Loaded plugin tutovideos (category:base,tabindex:-1)
2023-05-11 13:27:56,639 [INFO] PluginManage:310 - Check plugin updater
2023-05-11 13:27:56,660 [INFO] PluginManage:359 - Loaded plugin updater (category:base,tabindex:12)
2023-05-11 13:27:56,661 [INFO] PluginManage:283 - PluginManage : Loaded plugins [15]
2023-05-11 13:27:57,050 [INFO] PinOutPanel:1499 - setPackage(No Configuration,No Configuration)
2023-05-11 13:27:57,148 [INFO] CADModel:165 - CPN selected for project level
2023-05-11 13:27:57,148 [INFO] CADModel:114 - Register for checkConnection events
2023-05-11 13:27:57,190 [INFO] IPUIPlugin:80 - create IPUIPlugin
2023-05-11 13:27:57,190 [INFO] PluginManager:220 - loadIPPluginJar : add adc
2023-05-11 13:27:57,244 [INFO] IPUIPlugin:80 - create IPUIPlugin
2023-05-11 13:27:57,244 [INFO] PluginManager:220 - loadIPPluginJar : add aes
2023-05-11 13:27:57,318 [INFO] IPUIPlugin:80 - create IPUIPlugin
2023-05-11 13:27:57,318 [INFO] PluginManager:220 - loadIPPluginJar : add can
2023-05-11 13:27:57,369 [INFO] IPUIPlugin:80 - create IPUIPlugin
2023-05-11 13:27:57,370 [INFO] PluginManager:220 - loadIPPluginJar : add comp
2023-05-11 13:27:57,424 [INFO] IPUIPlugin:80 - create IPUIPlugin
2023-05-11 13:27:57,425 [INFO] PluginManager:220 - loadIPPluginJar : add cryp
2023-05-11 13:27:57,473 [INFO] IPUIPlugin:80 - create IPUIPlugin
2023-05-11 13:27:57,473 [INFO] PluginManager:220 - loadIPPluginJar : add dfsdm
2023-05-11 13:27:57,500 [INFO] IPUIPlugin:80 - create IPUIPlugin
2023-05-11 13:27:57,501 [INFO] PluginManager:220 - loadIPPluginJar : add dma
2023-05-11 13:27:57,571 [INFO] IPUIPlugin:80 - create IPUIPlugin
2023-05-11 13:27:57,571 [INFO] PluginManager:220 - loadIPPluginJar : add dma3
2023-05-11 13:27:57,611 [INFO] IPUIPlugin:80 - create IPUIPlugin
2023-05-11 13:27:57,611 [INFO] PluginManager:220 - loadIPPluginJar : add fatfs
2023-05-11 13:27:57,690 [INFO] IPUIPlugin:80 - create IPUIPlugin
2023-05-11 13:27:57,690 [INFO] PluginManager:220 - loadIPPluginJar : add fmc
2023-05-11 13:27:57,715 [INFO] IPUIPlugin:80 - create IPUIPlugin
2023-05-11 13:27:57,715 [INFO] PluginManager:220 - loadIPPluginJar : add freertos
2023-05-11 13:27:57,745 [INFO] IPUIPlugin:80 - create IPUIPlugin
2023-05-11 13:27:57,746 [INFO] PluginManager:220 - loadIPPluginJar : add genericplugin
2023-05-11 13:27:57,906 [INFO] IPUIPlugin:80 - create IPUIPlugin
2023-05-11 13:27:57,906 [INFO] PluginManager:220 - loadIPPluginJar : add gfxmmu
2023-05-11 13:27:58,119 [INFO] IPUIPlugin:80 - create IPUIPlugin
2023-05-11 13:27:58,120 [INFO] PluginManager:220 - loadIPPluginJar : add gic
2023-05-11 13:27:58,141 [INFO] IPUIPlugin:80 - create IPUIPlugin
2023-05-11 13:27:58,141 [INFO] PluginManager:220 - loadIPPluginJar : add gpio
2023-05-11 13:27:58,273 [INFO] IPUIPlugin:80 - create IPUIPlugin
2023-05-11 13:27:58,274 [INFO] PluginManager:220 - loadIPPluginJar : add gtzc
2023-05-11 13:27:58,352 [INFO] IPUIPlugin:80 - create IPUIPlugin
2023-05-11 13:27:58,352 [INFO] PluginManager:220 - loadIPPluginJar : add hash
2023-05-11 13:27:58,442 [INFO] IPUIPlugin:80 - create IPUIPlugin
2023-05-11 13:27:58,442 [INFO] PluginManager:220 - loadIPPluginJar : add i2c
2023-05-11 13:27:58,538 [INFO] IPUIPlugin:80 - create IPUIPlugin
2023-05-11 13:27:58,538 [INFO] PluginManager:220 - loadIPPluginJar : add i2s
2023-05-11 13:27:58,626 [INFO] IPUIPlugin:80 - create IPUIPlugin
2023-05-11 13:27:58,626 [INFO] PluginManager:220 - loadIPPluginJar : add i3c
2023-05-11 13:27:58,861 [INFO] IPUIPlugin:80 - create IPUIPlugin
2023-05-11 13:27:58,861 [INFO] PluginManager:220 - loadIPPluginJar : add ipddr
2023-05-11 13:27:59,072 [INFO] IPUIPlugin:80 - create IPUIPlugin
2023-05-11 13:27:59,073 [INFO] PluginManager:220 - loadIPPluginJar : add linkedlist
2023-05-11 13:27:59,153 [INFO] IPUIPlugin:80 - create IPUIPlugin
2023-05-11 13:27:59,154 [INFO] PluginManager:220 - loadIPPluginJar : add lorawan
2023-05-11 13:27:59,178 [INFO] ThirdPartyUpdaterWithRetryManager:70 - Updater plugin not ready yet. [2/15]
2023-05-11 13:27:59,240 [INFO] IPUIPlugin:80 - create IPUIPlugin
2023-05-11 13:27:59,240 [INFO] PluginManager:220 - loadIPPluginJar : add ltdc
2023-05-11 13:27:59,267 [INFO] IPUIPlugin:80 - create IPUIPlugin
2023-05-11 13:27:59,267 [INFO] PluginManager:220 - loadIPPluginJar : add mdma
2023-05-11 13:27:59,296 [INFO] IPUIPlugin:80 - create IPUIPlugin
2023-05-11 13:27:59,296 [INFO] PluginManager:220 - loadIPPluginJar : add nvic
2023-05-11 13:27:59,380 [INFO] IPUIPlugin:80 - create IPUIPlugin
2023-05-11 13:27:59,380 [INFO] PluginManager:220 - loadIPPluginJar : add opamp
2023-05-11 13:27:59,507 [INFO] IPUIPlugin:80 - create IPUIPlugin
2023-05-11 13:27:59,508 [INFO] PluginManager:220 - loadIPPluginJar : add openamp
2023-05-11 13:27:59,604 [INFO] IPUIPlugin:80 - create IPUIPlugin
2023-05-11 13:27:59,604 [INFO] PluginManager:220 - loadIPPluginJar : add pdm2pcm
2023-05-11 13:27:59,639 [INFO] IPUIPlugin:80 - create IPUIPlugin
2023-05-11 13:27:59,646 [INFO] PluginManager:220 - loadIPPluginJar : add plateformsettings
2023-05-11 13:27:59,697 [INFO] IPUIPlugin:80 - create IPUIPlugin
2023-05-11 13:27:59,698 [INFO] PluginManager:220 - loadIPPluginJar : add quadspi
2023-05-11 13:27:59,729 [INFO] IPUIPlugin:80 - create IPUIPlugin
2023-05-11 13:27:59,729 [INFO] PluginManager:220 - loadIPPluginJar : add resmgrutility
2023-05-11 13:27:59,838 [INFO] IPUIPlugin:80 - create IPUIPlugin
2023-05-11 13:27:59,838 [INFO] PluginManager:220 - loadIPPluginJar : add sai
2023-05-11 13:27:59,907 [INFO] IPUIPlugin:80 - create IPUIPlugin
2023-05-11 13:27:59,907 [INFO] PluginManager:220 - loadIPPluginJar : add spi
2023-05-11 13:27:59,991 [INFO] IPUIPlugin:80 - create IPUIPlugin
2023-05-11 13:27:59,992 [INFO] PluginManager:220 - loadIPPluginJar : add stm32_wpan
2023-05-11 13:28:00,032 [INFO] IPUIPlugin:80 - create IPUIPlugin
2023-05-11 13:28:00,032 [INFO] PluginManager:220 - loadIPPluginJar : add tim
2023-05-11 13:28:00,112 [INFO] IPUIPlugin:80 - create IPUIPlugin
2023-05-11 13:28:00,112 [INFO] PluginManager:220 - loadIPPluginJar : add touchsensing
2023-05-11 13:28:00,154 [INFO] IPUIPlugin:80 - create IPUIPlugin
2023-05-11 13:28:00,155 [INFO] PluginManager:220 - loadIPPluginJar : add tracer_emb
2023-05-11 13:28:00,211 [INFO] IPUIPlugin:80 - create IPUIPlugin
2023-05-11 13:28:00,212 [INFO] PluginManager:220 - loadIPPluginJar : add ts
2023-05-11 13:28:00,263 [INFO] IPUIPlugin:80 - create IPUIPlugin
2023-05-11 13:28:00,263 [INFO] PluginManager:220 - loadIPPluginJar : add tsc
2023-05-11 13:28:00,315 [INFO] IPUIPlugin:80 - create IPUIPlugin
2023-05-11 13:28:00,315 [INFO] PluginManager:220 - loadIPPluginJar : add ucpd
2023-05-11 13:28:00,405 [INFO] IPUIPlugin:80 - create IPUIPlugin
2023-05-11 13:28:00,405 [INFO] PluginManager:220 - loadIPPluginJar : add usart
2023-05-11 13:28:00,474 [INFO] IPUIPlugin:80 - create IPUIPlugin
2023-05-11 13:28:00,474 [INFO] PluginManager:220 - loadIPPluginJar : add usbx
2023-05-11 13:28:00,668 [INFO] CADModel:165 - CPN selected for project level
2023-05-11 13:28:00,668 [INFO] CADModel:114 - Register for checkConnection events
2023-05-11 13:28:00,669 [FATAL] Updater:308 - Updater called before beeing initialized
2023-05-11 13:28:00,669 [ERROR] CADModel:125 - Updater not yet initialized, retry later 
2023-05-11 13:28:01,041 [INFO] CADModel:165 - CPN selected for project level
2023-05-11 13:28:01,041 [INFO] CADModel:114 - Register for checkConnection events
2023-05-11 13:28:01,041 [FATAL] Updater:308 - Updater called before beeing initialized
2023-05-11 13:28:01,042 [ERROR] CADModel:125 - Updater not yet initialized, retry later 
2023-05-11 13:28:01,049 [FATAL] Updater:308 - Updater called before beeing initialized
2023-05-11 13:28:01,265 [FATAL] Updater:308 - Updater called before beeing initialized
2023-05-11 13:28:01,283 [INFO] DbMcusAds:53 - JSON generation date=Tue Mar 07 15:50:55 ICT 2023 (1678179055335)
2023-05-11 13:28:01,283 [FATAL] Updater:308 - Updater called before beeing initialized
2023-05-11 13:28:01,379 [WARN] DetailPanel:346 - Failed to get advertising image, set to default
2023-05-11 13:28:01,538 [FATAL] Updater:308 - Updater called before beeing initialized
2023-05-11 13:28:01,540 [FATAL] Updater:308 - Updater called before beeing initialized
2023-05-11 13:28:01,541 [FATAL] Updater:308 - Updater called before beeing initialized
2023-05-11 13:28:01,541 [WARN] DetailPanel:346 - Failed to get advertising image, set to default
2023-05-11 13:28:01,543 [FATAL] Updater:308 - Updater called before beeing initialized
2023-05-11 13:28:01,665 [ERROR] Updater:1120 - MainUpdater not yet initialized. External WinMGr cannot be set.
2023-05-11 13:28:01,683 [INFO] Updater:1056 - Updater Version found : 6.8.1
2023-05-11 13:28:01,717 [INFO] ApplicationProperties:184 - Using Application install path: C:\ST\STM32CubeIDE_1.11.0\STM32CubeIDE\plugins\com.st.stm32cube.common.mx_6.8.1.202304191431
2023-05-11 13:28:02,179 [INFO] ThirdPartyUpdaterWithRetryManager:70 - Updater plugin not ready yet. [3/15]
2023-05-11 13:28:02,915 [INFO] MainUpdater:2854 - connection check result : 10
2023-05-11 13:28:02,916 [INFO] MainUpdater:3548 - Updater definition file requires update
2023-05-11 13:28:02,919 [INFO] MainUpdater:283 - Updater Check For Update Now.
2023-05-11 13:28:02,920 [INFO] MicroXplorer:498 - Change Database Version : DB.6.0.81
2023-05-11 13:28:03,122 [INFO] ServerAccessManage:473 - Download File updaters.zip
2023-05-11 13:28:03,656 [INFO] FileExtend:240 - Unzip File : updaters.zip
2023-05-11 13:28:03,656 [INFO] FileExtend:255 - Standard Zip Deflate
2023-05-11 13:28:04,447 [INFO] ServerAccessManage:473 - Download File PacksControlFlags.xml
2023-05-11 13:28:04,745 [INFO] ServerAccessManage:473 - Download File cubemx.pidx
2023-05-11 13:28:04,885 [INFO] LoadServerUpdatesThread:373 - End of LoadServerUpdate Thread
2023-05-11 13:28:05,059 [INFO] CheckServerUpdateThread:120 - End of CheckServer Thread
2023-05-11 13:28:05,400 [INFO] MainUpdater:2854 - connection check result : 10
2023-05-11 13:28:05,433 [WARN] PackLoader:240 - Cannot read IP mode file for STMicroelectronics.X-CUBE-GNSS1.6.0.0
2023-05-11 13:28:05,433 [INFO] McuFinderGlobals:66 - Set McuFinderConnectedMode to true
2023-05-11 13:28:05,495 [WARN] PackLoader:240 - Cannot read IP mode file for STMicroelectronics.X-CUBE-AZRTOS-F4.1.1.0
2023-05-11 13:28:05,530 [WARN] PackLoader:240 - Cannot read IP mode file for STMicroelectronics.X-CUBE-SMBUS.2.1.0
2023-05-11 13:28:05,583 [WARN] PackLoader:240 - Cannot read IP mode file for STMicroelectronics.X-CUBE-AZRTOS-F7.1.1.0
2023-05-11 13:28:05,680 [WARN] PackLoader:240 - Cannot read IP mode file for STMicroelectronics.X-CUBE-MEMS1.9.6.0
2023-05-11 13:28:05,902 [ERROR] RealEvaluatedCondition:428 - Found unsupported composite condition: CLASS='Data Exchange' GROUP='STM32_MetaDataManager'
2023-05-11 13:28:05,902 [ERROR] RealEvaluatedCondition:428 - Found unsupported composite condition: GROUP='STM32_MetaDataManager' CLASS='Data Exchange'
2023-05-11 13:28:05,904 [WARN] PackLoader:240 - Cannot read IP mode file for STMicroelectronics.FP-SNS-MOTENV1.4.3.0
2023-05-11 13:28:05,927 [WARN] PackLoader:240 - Cannot read IP mode file for STMicroelectronics.FP-SNS-FLIGHT1.5.0.0
2023-05-11 13:28:05,947 [WARN] PackLoader:240 - Cannot read IP mode file for STMicroelectronics.X-CUBE-BLE1.6.2.4
2023-05-11 13:28:05,973 [WARN] PackLoader:240 - Cannot read IP mode file for emotas.I-CUBE-CANOPEN.1.1.3
2023-05-11 13:28:05,996 [WARN] PackLoader:240 - Cannot read IP mode file for STMicroelectronics.X-CUBE-BLEMGR.2.0.0
2023-05-11 13:28:06,022 [WARN] PackLoader:240 - Cannot read IP mode file for STMicroelectronics.X-CUBE-NFC4.2.0.5
2023-05-11 13:28:06,066 [WARN] ConditionMgr:438 - getConditionDescription Invalid condition id : UX DEVICE CLASS RTOS Condition cause : null
2023-05-11 13:28:06,067 [WARN] ConditionMgr:438 - getConditionDescription Invalid condition id : UX DEVICE CLASS RTOS Condition cause : null
2023-05-11 13:28:06,072 [WARN] PackLoader:240 - Cannot read IP mode file for STMicroelectronics.X-CUBE-AZRTOS-H7.3.1.0
2023-05-11 13:28:06,074 [WARN] ConditionMgr:1039 - genDependencies : Invalid condition id : UX DEVICE CLASS RTOS Condition cause : null
2023-05-11 13:28:06,074 [WARN] ConditionMgr:1039 - genDependencies : Invalid condition id : UX DEVICE CLASS RTOS Condition cause : null
2023-05-11 13:28:06,075 [WARN] ConditionMgr:1039 - genDependencies : Invalid condition id : UX DEVICE CLASS RTOS Condition cause : null
2023-05-11 13:28:06,076 [WARN] ConditionMgr:1039 - genDependencies : Invalid condition id : UX DEVICE CLASS RTOS Condition cause : null
2023-05-11 13:28:06,076 [WARN] ConditionMgr:1039 - genDependencies : Invalid condition id : UX DEVICE CLASS RTOS Condition cause : null
2023-05-11 13:28:06,104 [WARN] PackLoader:240 - Cannot read IP mode file for STMicroelectronics.X-CUBE-DISPLAY.3.0.0
2023-05-11 13:28:06,130 [WARN] PackLoader:240 - Cannot read IP mode file for wolfSSL.I-CUBE-wolfSSL.5.5.4
2023-05-11 13:28:06,150 [WARN] PackLoader:240 - Cannot read IP mode file for STMicroelectronics.X-CUBE-NFC7.1.0.0
2023-05-11 13:28:06,173 [WARN] PackLoader:240 - Cannot read IP mode file for STMicroelectronics.X-CUBE-EEPRMA1.4.1.0
2023-05-11 13:28:06,198 [WARN] PackLoader:240 - Cannot read IP mode file for WES.I-CUBE-Cesium.1.3.0
2023-05-11 13:28:06,221 [WARN] PackLoader:240 - Cannot read IP mode file for STMicroelectronics.X-CUBE-SFXS2LP1.4.0.0
2023-05-11 13:28:06,242 [WARN] PackLoader:240 - Cannot read IP mode file for STMicroelectronics.X-CUBE-BLE2.3.3.0
2023-05-11 13:28:06,264 [WARN] PackLoader:240 - Cannot read IP mode file for STMicroelectronics.X-CUBE-DISPLAY.2.2.0
2023-05-11 13:28:06,296 [WARN] PackLoader:240 - Cannot read IP mode file for STMicroelectronics.X-CUBE-TOF1.3.2.0
2023-05-11 13:28:06,352 [WARN] PackLoader:240 - Cannot read IP mode file for STMicroelectronics.X-CUBE-AZRTOS-H7.3.0.0
2023-05-11 13:28:06,377 [WARN] PackLoader:240 - Cannot read IP mode file for STMicroelectronics.X-CUBE-ISPU.1.1.0
2023-05-11 13:28:06,400 [WARN] PackLoader:240 - Cannot read IP mode file for RoweBots.I-CUBE-UNISONRTOS.5.5.0-4
2023-05-11 13:28:06,422 [WARN] PackLoader:240 - Cannot read IP mode file for STMicroelectronics.X-CUBE-AI.8.0.0
2023-05-11 13:28:06,442 [WARN] PackLoader:240 - Cannot read IP mode file for STMicroelectronics.X-CUBE-FREERTOS.1.0.0
2023-05-11 13:28:06,462 [WARN] PackLoader:240 - Cannot read IP mode file for STMicroelectronics.X-CUBE-FREERTOS.1.0.1
2023-05-11 13:28:06,481 [WARN] PackLoader:240 - Cannot read IP mode file for STMicroelectronics.X-CUBE-TOUCHGFX.4.21.1
2023-05-11 13:28:06,499 [WARN] PackLoader:240 - Cannot read IP mode file for STMicroelectronics.X-CUBE-TOUCHGFX.4.21.0
2023-05-11 13:28:06,517 [WARN] PackLoader:240 - Cannot read IP mode file for STMicroelectronics.X-CUBE-TOUCHGFX.4.21.3
2023-05-11 13:28:06,591 [WARN] PackLoader:240 - Cannot read IP mode file for STMicroelectronics.X-CUBE-MEMS1.9.4.0
2023-05-11 13:28:06,771 [WARN] PackLoader:240 - Cannot read IP mode file for STMicroelectronics.X-CUBE-AI.7.3.0
2023-05-11 13:28:06,789 [WARN] PackLoader:240 - Cannot read IP mode file for STMicroelectronics.X-CUBE-ALGOBUILD.1.3.0
2023-05-11 13:28:06,826 [WARN] PackLoader:240 - Cannot read IP mode file for STMicroelectronics.X-CUBE-AZRTOS-L5.1.1.0
2023-05-11 13:28:06,866 [WARN] PackLoader:240 - Cannot read IP mode file for STMicroelectronics.X-CUBE-AZRTOS-G0.1.1.0
2023-05-11 13:28:06,896 [WARN] PackLoader:240 - Cannot read IP mode file for STMicroelectronics.X-CUBE-SUBG2.5.0.0
2023-05-11 13:28:06,923 [WARN] PackLoader:240 - Cannot read IP mode file for STMicroelectronics.X-CUBE-NFC4.3.0.0
2023-05-11 13:28:06,960 [WARN] PackLoader:240 - Cannot read IP mode file for STMicroelectronics.X-CUBE-AZRTOS-G4.2.0.0
2023-05-11 13:28:06,986 [WARN] PackLoader:240 - Cannot read IP mode file for STMicroelectronics.X-CUBE-TOF1.3.3.0
2023-05-11 13:28:07,014 [INFO] ServerAccessManage:473 - Download File mcusAds.json._tmp_
2023-05-11 13:28:07,016 [WARN] PackLoader:240 - Cannot read IP mode file for STMicroelectronics.FP-ATR-ASTRA1.1.1.1
2023-05-11 13:28:07,042 [WARN] PackLoader:240 - Cannot read IP mode file for STMicroelectronics.X-CUBE-BLEMGR.1.3.0
2023-05-11 13:28:07,072 [WARN] PackLoader:240 - Cannot read IP mode file for STMicroelectronics.X-CUBE-AZRTOS-G4.1.0.0
2023-05-11 13:28:07,093 [WARN] PackLoader:240 - Cannot read IP mode file for STMicroelectronics.FP-ATR-SIGFOX1.3.2.0
2023-05-11 13:28:07,131 [WARN] PackLoader:240 - Cannot read IP mode file for STMicroelectronics.X-CUBE-AZRTOS-L4.1.0.0
2023-05-11 13:28:07,135 [INFO] LoadUrlFilesThread:156 - End of LoadUrlFiles Thread
2023-05-11 13:28:07,169 [WARN] PackLoader:240 - Cannot read IP mode file for STMicroelectronics.X-CUBE-AZRTOS-WL.1.0.0
2023-05-11 13:28:07,195 [WARN] PackLoader:240 - Cannot read IP mode file for portGmbH.I-Cube-SoM-uGOAL.1.1.0
2023-05-11 13:28:07,212 [WARN] PackLoader:240 - Cannot read IP mode file for STMicroelectronics.X-CUBE-ALS.1.0.1
2023-05-11 13:28:07,276 [WARN] PackLoader:240 - Cannot read IP mode file for STMicroelectronics.X-CUBE-MEMS1.9.5.0
2023-05-11 13:28:07,425 [INFO] ServerAccessManage:473 - Download File cube-finder-db.zip
2023-05-11 13:28:07,492 [WARN] PackLoader:240 - Cannot read IP mode file for STMicroelectronics.X-CUBE-AZRTOS-WB.1.1.0
2023-05-11 13:28:07,596 [WARN] PackLoader:240 - Cannot read IP mode file for SEGGER.I-CUBE-embOS.1.3.1
2023-05-11 13:28:07,688 [WARN] PackLoader:240 - Cannot read IP mode file for SEGGER.I-CUBE-embOS.1.3.0
2023-05-11 13:28:07,730 [WARN] PackLoader:240 - Cannot read IP mode file for STMicroelectronics.FP-ATR-ASTRA1.2.0.0
2023-05-11 13:28:07,731 [INFO] ThirdParty:978 - Integrity check success = true
2023-05-11 13:28:07,731 [INFO] IntegrityCheckThread:100 - exiting critical section [integrity check]
2023-05-11 13:28:07,731 [INFO] IntegrityCheckThread:103 - End integrity checks thread
2023-05-11 13:28:26,944 [INFO] FileExtend:240 - Unzip File : cube-finder-db.zip
2023-05-11 13:28:26,945 [INFO] FileExtend:255 - Standard Zip Deflate
2023-05-11 13:28:27,953 [INFO] LoadUrlFilesThread:156 - End of LoadUrlFiles Thread
2023-05-11 13:28:31,620 [INFO] ServerAccessManage:473 - Download File crdb.zip
2023-05-11 13:28:35,058 [INFO] FileExtend:240 - Unzip File : crdb.zip
2023-05-11 13:28:35,059 [INFO] FileExtend:255 - Standard Zip Deflate
2023-05-11 13:28:35,223 [INFO] LoadUrlFilesThread:156 - End of LoadUrlFiles Thread
2023-05-11 13:28:36,300 [INFO] ServerAccessManage:473 - Download File tutoVideoDB.zip
2023-05-11 13:28:36,480 [INFO] FileExtend:240 - Unzip File : tutoVideoDB.zip
2023-05-11 13:28:36,481 [INFO] FileExtend:255 - Standard Zip Deflate
2023-05-11 13:28:36,615 [INFO] LoadUrlFilesThread:156 - End of LoadUrlFiles Thread
2023-05-11 13:28:36,624 [WARN] DbFile:41 - Overriding database path with different value: C:\Users\ADMIN\.stmcufinder\plugins\mcufinder/ => C:\Users\ADMIN\.stmcufinder\plugins\mcufinder
2023-05-11 13:28:36,806 [INFO] ServerAccessManage:473 - Download File api_config.json
2023-05-11 13:28:36,916 [INFO] LoadUrlFilesThread:156 - End of LoadUrlFiles Thread
2023-05-11 13:28:36,917 [INFO] DbMcusAds:53 - JSON generation date=Tue Mar 07 15:50:54 ICT 2023 (1678179054945)
2023-05-11 13:28:36,956 [INFO] LoadUrlFilesThread:185 - End of LoadServerUrlFiles without Thread
2023-05-11 13:28:36,956 [INFO] TargetSelectorAdapter:259 - Refresh data is successful
2023-05-11 13:28:37,151 [INFO] ApiDb:581 - Connected to CubeFinder SQLite database (C:\Users\ADMIN\.stmcufinder\plugins\mcufinder\mcu\cube-finder-db.db)
2023-05-11 13:28:37,233 [INFO] ApiDb:668 - CubeFinder database Data Model version=2.1
2023-05-11 13:28:37,233 [INFO] ApiDb:669 - CubeFinder database Configuration version=3.0.35
2023-05-11 13:28:37,234 [INFO] ApiDb:670 - CubeFinder database generation date=2023-04-03 (1680511692)
2023-05-11 13:28:37,234 [INFO] ApiDb:671 - CubeFinder database FW Pack versions=[FP-ATR-ASTRA1_V2.0.0, STM32Cube_FW_C0_V1.0.1, STM32Cube_FW_F0_V1.11.4, STM32Cube_FW_F3_V1.11.4, STM32Cube_FW_F4_V1.27.1, STM32Cube_FW_F7_V1.17.0, STM32Cube_FW_G0_V1.6.1, STM32Cube_FW_G4_V1.5.1, STM32Cube_FW_H5_V0.5.1, STM32Cube_FW_H5_V1.0.0, STM32Cube_FW_H7_V1.11.0, STM32Cube_FW_L0_V1.12.2, STM32Cube_FW_L5_V1.5.0, STM32Cube_FW_U5_V1.2.0, STM32Cube_FW_WBA_V1.0.0, STM32Cube_FW_WBA_V1.0.0RC1, STM32Cube_FW_WBA_V1.0.0RC3, STM32Cube_FW_WB_V1.15.0RC1, STM32Cube_FW_WB_V1.16.0, STM32Cube_FW_WB_V1.16.0RC2, STM32Cube_FW_WL_V1.3.0, X-CUBE-ALGOBUILD_V1.3.0, X-CUBE-ALS_V1.0.1, X-CUBE-AZRTOS-F4_V1.1.0, X-CUBE-AZRTOS-F7_V1.1.0, X-CUBE-AZRTOS-G0_V1.1.0, X-CUBE-AZRTOS-G4_V1.0.0, X-CUBE-AZRTOS-H7_V3.0.0, X-CUBE-AZRTOS-L4_V1.0.0, X-CUBE-AZRTOS-L5_V1.1.0, X-CUBE-AZRTOS-WB_V1.1.0, X-CUBE-AZRTOS-WL_V1.0.0, X-CUBE-BLE1_V6.2.4, X-CUBE-BLE2_V3.3.0, X-CUBE-BLEMGR_V1.3.0, X-CUBE-EEPRMA1_V4.1.0, X-CUBE-FREERTOS_V1.0.1, X-CUBE-GNSS1_V6.0.0, X-CUBE-MEMS1_V9.1.0, X-CUBE-MEMS1_V9.4.0, X-CUBE-MEMS1_V9.5.0, X-CUBE-NFC4_V3.0.0, X-CUBE-NFC7_V1.0.0, X-CUBE-SFXS2LP1_V4.0.0, X-CUBE-SUBG2_V5.0.0]
2023-05-11 13:28:40,005 [INFO] ApiDb:240 - Found 297 in-development CPN: [B-G473E-ZEST1S, B-WB1M-WPAN1, B-WL5M-SUBG1, NUCLEO-C031C6, NUCLEO-H503RB, NUCLEO-H563ZI, NUCLEO-U545RE-Q, NUCLEO-U5A5ZJ-Q, NUCLEO-WBA52CG, STEVAL-PROTEUS1, STEVAL-STWINBX1, STM320518-EVAL, STM32C0116-DK, STM32C011D6Y3TR, STM32C011D6Y6TR, STM32C011F4P3, STM32C011F4P6, STM32C011F4U3, STM32C011F4U6TR, STM32C011F6P3, STM32C011F6P6, STM32C011F6U3, STM32C011F6U6TR, STM32C011J4M3, STM32C011J4M6, STM32C011J6M3, STM32C011J6M6, STM32C0316-DK, STM32C031C4T3, STM32C031C4T6, STM32C031C4U3, STM32C031C4U6, STM32C031C6T3, STM32C031C6T6, STM32C031C6U3, STM32C031C6U6, STM32C031F4P3, STM32C031F4P6, STM32C031F6P3, STM32C031F6P6, STM32C031G4U3, STM32C031G4U6, STM32C031G6U3, STM32C031G6U6, STM32C031K4T3, STM32C031K4T6, STM32C031K4U3, STM32C031K4U6, STM32C031K6T3, STM32C031K6T6, STM32C031K6U3, STM32C031K6U6, STM32G071K8TXN, STM32G071K8UXN, STM32G081GBU6N, STM32G081KBT6N, STM32G081KBUXN, STM32G0B1CCT6N, STM32G0B1KCT6, STM32G0B1NEY6TR, STM32G0B1RCT6N, STM32G0C1CCT6, STM32G0C1CCT6N, STM32G0C1CCU6N, STM32G0C1CET6N, STM32G0C1CEU6N, STM32G0C1KCT6, STM32G0C1NEY6TR, STM32G0C1RCI6N, STM32G0C1RCT6N, STM32G0C1REI6N, STM32G0C1RET6N, STM32G0C1VCI6, STM32G0C1VEI6, STM32G471CCT6, STM32G471CCU6, STM32G471CET3, STM32G471CET6, STM32G471CEU3, STM32G471CEU6, STM32G471MCT6, STM32G471MET3, STM32G471MET6, STM32G471MEY6TR, STM32G471QCT6, STM32G471QET3, STM32G471RCT6, STM32G471RET3, STM32G471RET6, STM32G471VCH6, STM32G471VCI6, STM32G471VCT6, STM32G471VEH3, STM32G471VEH6, STM32G471VEI3, STM32G471VEI6, STM32G471VET3, STM32G471VET6, STM32G474CCT6, STM32H503CBT6, STM32H503CBU6, STM32H503EBY6TR, STM32H503KBU6, STM32H503RBT6, STM32H562AGI6, STM32H562AII6, STM32H562IGK6, STM32H562IGT6, STM32H562IIK6, STM32H562IIT6, STM32H562RGT6, STM32H562RGV6, STM32H562RIT6, STM32H562RIV6, STM32H562VGT6, STM32H562VIT6, STM32H562ZGT6, STM32H562ZIT6, STM32H563AGI6, STM32H563AII3Q, STM32H563AII6, STM32H563IGK6, STM32H563IGT6, STM32H563IIK3Q, STM32H563IIK6, STM32H563IIT3Q, STM32H563IIT6, STM32H563MIY3QTR, STM32H563RGT6, STM32H563RGV6, STM32H563RIT6, STM32H563RIV6, STM32H563VGT6, STM32H563VIT3Q, STM32H563VIT6, STM32H563ZGT6, STM32H563ZIT3Q, STM32H563ZIT6, STM32H573AII3Q, STM32H573AII6, STM32H573I-DK, STM32H573IIK3Q, STM32H573IIK6, STM32H573IIT3Q, STM32H573IIT6, STM32H573MIY3QTR, STM32H573RIT6, STM32H573RIV6, STM32H573VIT3Q, STM32H573VIT6, STM32H573ZIT3Q, STM32H573ZIT6, STM32L4R5QGI6STR, STM32MP131AAE3, STM32MP131AAF3, STM32MP131AAG3, STM32MP131CAE3, STM32MP131CAF3, STM32MP131CAG3, STM32MP131DAE7, STM32MP131DAF7, STM32MP131DAG7, STM32MP131FAE7, STM32MP131FAF7, STM32MP131FAG7, STM32MP133AAE3, STM32MP133AAF3, STM32MP133AAG3, STM32MP133CAE3, STM32MP133CAF3, STM32MP133CAG3, STM32MP133DAE7, STM32MP133DAF7, STM32MP133DAG7, STM32MP133FAE7, STM32MP133FAF7, STM32MP133FAG7, STM32MP135AAE3, STM32MP135AAF3, STM32MP135AAG3, STM32MP135CAE3, STM32MP135CAF3, STM32MP135CAG3, STM32MP135DAE7, STM32MP135DAF7, STM32MP135DAG7, STM32MP135F-DK, STM32MP135FAE7, STM32MP135FAF7, STM32MP135FAF7T, STM32MP135FAF7U, STM32MP135FAG7, STM32U535CBT6, STM32U535CBT6Q, STM32U535CBU6, STM32U535CBU6Q, STM32U535CCT6, STM32U535CCT6Q, STM32U535CCU6, STM32U535CCU6Q, STM32U535CET6, STM32U535CET6Q, STM32U535CEU6, STM32U535CEU6Q, STM32U535JEY6QTR, STM32U535NCY6QTR, STM32U535NEY6QTR, STM32U535RBI6, STM32U535RBI6Q, STM32U535RBT6, STM32U535RBT6Q, STM32U535RCI6, STM32U535RCI6Q, STM32U535RCT6, STM32U535RCT6Q, STM32U535REI6, STM32U535REI6Q, STM32U535RET6, STM32U535RET6Q, STM32U535VCI6, STM32U535VCI6Q, STM32U535VCT6, STM32U535VCT6Q, STM32U535VEI6, STM32U535VEI6Q, STM32U535VET6, STM32U535VET6Q, STM32U545CET6, STM32U545CET6Q, STM32U545CEU6, STM32U545CEU6Q, STM32U545JEY6QTR, STM32U545NEY6QTR, STM32U545REI6, STM32U545REI6Q, STM32U545RET6, STM32U545RET6Q, STM32U545VEI6, STM32U545VEI6Q, STM32U545VET6, STM32U545VET6Q, STM32U595AIH6, STM32U595AIH6Q, STM32U595AJH6, STM32U595AJH6Q, STM32U595QII6, STM32U595QII6Q, STM32U595QJI6, STM32U595QJI6Q, STM32U595RIT6, STM32U595RIT6Q, STM32U595RJT6, STM32U595RJT6Q, STM32U595VIT6, STM32U595VIT6Q, STM32U595VJT6, STM32U595VJT6Q, STM32U595ZIT6, STM32U595ZIT6Q, STM32U595ZIY6QTR, STM32U595ZJT6, STM32U595ZJT6Q, STM32U595ZJY6QTR, STM32U599BJY6QTR, STM32U599NIH6Q, STM32U599NJH6Q, STM32U599VIT6Q, STM32U599VJT6, STM32U599VJT6Q, STM32U599ZIT6Q, STM32U599ZIY6QTR, STM32U599ZJT6Q, STM32U599ZJY6QTR, STM32U5A5AJH6, STM32U5A5AJH6Q, STM32U5A5QJI6, STM32U5A5QJI6Q, STM32U5A5RJT6, STM32U5A5RJT6Q, STM32U5A5VJT6, STM32U5A5VJT6Q, STM32U5A5ZJT6, STM32U5A5ZJT6Q, STM32U5A5ZJY6QTR, STM32U5A9BJY6QTR, STM32U5A9J-DK, STM32U5A9NJH6Q, STM32U5A9VJT6Q, STM32U5A9ZJT6Q, STM32U5A9ZJY6QTR, STM32WB1MMCH6, STM32WBA52CEU6, STM32WBA52CEU6T, STM32WBA52CGU6, STM32WBA52CGU6T, STM32WL5MOCH6, STM32WL5MOCH6TR]
2023-05-11 13:28:40,011 [INFO] DbMcus:216 - Found 3775 MCUs, 3775 are supported
2023-05-11 13:28:40,016 [INFO] ApiDb:423 - Load user favorites file C:\Users\ADMIN/.stm32cubeide/favorites.mcus.txt: 0 item(s)
2023-05-11 13:28:40,017 [INFO] ApiDb:427 - User favorites MCUs=[]
2023-05-11 13:28:40,017 [INFO] DbMcus:222 - Set 0 / 0 favorites MCUs
2023-05-11 13:28:40,330 [INFO] ApiDb:668 - CubeFinder database Data Model version=2.1
2023-05-11 13:28:40,330 [INFO] ApiDb:669 - CubeFinder database Configuration version=3.0.35
2023-05-11 13:28:40,330 [INFO] ApiDb:670 - CubeFinder database generation date=2023-04-03 (1680511692)
2023-05-11 13:28:40,330 [INFO] ApiDb:671 - CubeFinder database FW Pack versions=[FP-ATR-ASTRA1_V2.0.0, STM32Cube_FW_C0_V1.0.1, STM32Cube_FW_F0_V1.11.4, STM32Cube_FW_F3_V1.11.4, STM32Cube_FW_F4_V1.27.1, STM32Cube_FW_F7_V1.17.0, STM32Cube_FW_G0_V1.6.1, STM32Cube_FW_G4_V1.5.1, STM32Cube_FW_H5_V0.5.1, STM32Cube_FW_H5_V1.0.0, STM32Cube_FW_H7_V1.11.0, STM32Cube_FW_L0_V1.12.2, STM32Cube_FW_L5_V1.5.0, STM32Cube_FW_U5_V1.2.0, STM32Cube_FW_WBA_V1.0.0, STM32Cube_FW_WBA_V1.0.0RC1, STM32Cube_FW_WBA_V1.0.0RC3, STM32Cube_FW_WB_V1.15.0RC1, STM32Cube_FW_WB_V1.16.0, STM32Cube_FW_WB_V1.16.0RC2, STM32Cube_FW_WL_V1.3.0, X-CUBE-ALGOBUILD_V1.3.0, X-CUBE-ALS_V1.0.1, X-CUBE-AZRTOS-F4_V1.1.0, X-CUBE-AZRTOS-F7_V1.1.0, X-CUBE-AZRTOS-G0_V1.1.0, X-CUBE-AZRTOS-G4_V1.0.0, X-CUBE-AZRTOS-H7_V3.0.0, X-CUBE-AZRTOS-L4_V1.0.0, X-CUBE-AZRTOS-L5_V1.1.0, X-CUBE-AZRTOS-WB_V1.1.0, X-CUBE-AZRTOS-WL_V1.0.0, X-CUBE-BLE1_V6.2.4, X-CUBE-BLE2_V3.3.0, X-CUBE-BLEMGR_V1.3.0, X-CUBE-EEPRMA1_V4.1.0, X-CUBE-FREERTOS_V1.0.1, X-CUBE-GNSS1_V6.0.0, X-CUBE-MEMS1_V9.1.0, X-CUBE-MEMS1_V9.4.0, X-CUBE-MEMS1_V9.5.0, X-CUBE-NFC4_V3.0.0, X-CUBE-NFC7_V1.0.0, X-CUBE-SFXS2LP1_V4.0.0, X-CUBE-SUBG2_V5.0.0]
2023-05-11 13:28:40,408 [INFO] DbBoardsSqlite:226 - include board P-NUCLEO-WB55-NUCLEO as a kit item of type 'Nucleo-64'
2023-05-11 13:28:40,408 [INFO] DbBoardsSqlite:226 - include board P-NUCLEO-WB55-USBDONGLE as a kit item of type 'Nucleo USB Dongle'
2023-05-11 13:28:40,408 [INFO] DbBoardsSqlite:226 - include board STEVAL-IDP005V1 as a kit item of type 'Evaluation Board'
2023-05-11 13:28:40,409 [INFO] DbBoardsSqlite:226 - include board STEVAL-IDP005V2 as a kit item of type 'Evaluation Board'
2023-05-11 13:28:40,478 [INFO] ApiDb:240 - Found 297 in-development CPN: [B-G473E-ZEST1S, B-WB1M-WPAN1, B-WL5M-SUBG1, NUCLEO-C031C6, NUCLEO-H503RB, NUCLEO-H563ZI, NUCLEO-U545RE-Q, NUCLEO-U5A5ZJ-Q, NUCLEO-WBA52CG, STEVAL-PROTEUS1, STEVAL-STWINBX1, STM320518-EVAL, STM32C0116-DK, STM32C011D6Y3TR, STM32C011D6Y6TR, STM32C011F4P3, STM32C011F4P6, STM32C011F4U3, STM32C011F4U6TR, STM32C011F6P3, STM32C011F6P6, STM32C011F6U3, STM32C011F6U6TR, STM32C011J4M3, STM32C011J4M6, STM32C011J6M3, STM32C011J6M6, STM32C0316-DK, STM32C031C4T3, STM32C031C4T6, STM32C031C4U3, STM32C031C4U6, STM32C031C6T3, STM32C031C6T6, STM32C031C6U3, STM32C031C6U6, STM32C031F4P3, STM32C031F4P6, STM32C031F6P3, STM32C031F6P6, STM32C031G4U3, STM32C031G4U6, STM32C031G6U3, STM32C031G6U6, STM32C031K4T3, STM32C031K4T6, STM32C031K4U3, STM32C031K4U6, STM32C031K6T3, STM32C031K6T6, STM32C031K6U3, STM32C031K6U6, STM32G071K8TXN, STM32G071K8UXN, STM32G081GBU6N, STM32G081KBT6N, STM32G081KBUXN, STM32G0B1CCT6N, STM32G0B1KCT6, STM32G0B1NEY6TR, STM32G0B1RCT6N, STM32G0C1CCT6, STM32G0C1CCT6N, STM32G0C1CCU6N, STM32G0C1CET6N, STM32G0C1CEU6N, STM32G0C1KCT6, STM32G0C1NEY6TR, STM32G0C1RCI6N, STM32G0C1RCT6N, STM32G0C1REI6N, STM32G0C1RET6N, STM32G0C1VCI6, STM32G0C1VEI6, STM32G471CCT6, STM32G471CCU6, STM32G471CET3, STM32G471CET6, STM32G471CEU3, STM32G471CEU6, STM32G471MCT6, STM32G471MET3, STM32G471MET6, STM32G471MEY6TR, STM32G471QCT6, STM32G471QET3, STM32G471RCT6, STM32G471RET3, STM32G471RET6, STM32G471VCH6, STM32G471VCI6, STM32G471VCT6, STM32G471VEH3, STM32G471VEH6, STM32G471VEI3, STM32G471VEI6, STM32G471VET3, STM32G471VET6, STM32G474CCT6, STM32H503CBT6, STM32H503CBU6, STM32H503EBY6TR, STM32H503KBU6, STM32H503RBT6, STM32H562AGI6, STM32H562AII6, STM32H562IGK6, STM32H562IGT6, STM32H562IIK6, STM32H562IIT6, STM32H562RGT6, STM32H562RGV6, STM32H562RIT6, STM32H562RIV6, STM32H562VGT6, STM32H562VIT6, STM32H562ZGT6, STM32H562ZIT6, STM32H563AGI6, STM32H563AII3Q, STM32H563AII6, STM32H563IGK6, STM32H563IGT6, STM32H563IIK3Q, STM32H563IIK6, STM32H563IIT3Q, STM32H563IIT6, STM32H563MIY3QTR, STM32H563RGT6, STM32H563RGV6, STM32H563RIT6, STM32H563RIV6, STM32H563VGT6, STM32H563VIT3Q, STM32H563VIT6, STM32H563ZGT6, STM32H563ZIT3Q, STM32H563ZIT6, STM32H573AII3Q, STM32H573AII6, STM32H573I-DK, STM32H573IIK3Q, STM32H573IIK6, STM32H573IIT3Q, STM32H573IIT6, STM32H573MIY3QTR, STM32H573RIT6, STM32H573RIV6, STM32H573VIT3Q, STM32H573VIT6, STM32H573ZIT3Q, STM32H573ZIT6, STM32L4R5QGI6STR, STM32MP131AAE3, STM32MP131AAF3, STM32MP131AAG3, STM32MP131CAE3, STM32MP131CAF3, STM32MP131CAG3, STM32MP131DAE7, STM32MP131DAF7, STM32MP131DAG7, STM32MP131FAE7, STM32MP131FAF7, STM32MP131FAG7, STM32MP133AAE3, STM32MP133AAF3, STM32MP133AAG3, STM32MP133CAE3, STM32MP133CAF3, STM32MP133CAG3, STM32MP133DAE7, STM32MP133DAF7, STM32MP133DAG7, STM32MP133FAE7, STM32MP133FAF7, STM32MP133FAG7, STM32MP135AAE3, STM32MP135AAF3, STM32MP135AAG3, STM32MP135CAE3, STM32MP135CAF3, STM32MP135CAG3, STM32MP135DAE7, STM32MP135DAF7, STM32MP135DAG7, STM32MP135F-DK, STM32MP135FAE7, STM32MP135FAF7, STM32MP135FAF7T, STM32MP135FAF7U, STM32MP135FAG7, STM32U535CBT6, STM32U535CBT6Q, STM32U535CBU6, STM32U535CBU6Q, STM32U535CCT6, STM32U535CCT6Q, STM32U535CCU6, STM32U535CCU6Q, STM32U535CET6, STM32U535CET6Q, STM32U535CEU6, STM32U535CEU6Q, STM32U535JEY6QTR, STM32U535NCY6QTR, STM32U535NEY6QTR, STM32U535RBI6, STM32U535RBI6Q, STM32U535RBT6, STM32U535RBT6Q, STM32U535RCI6, STM32U535RCI6Q, STM32U535RCT6, STM32U535RCT6Q, STM32U535REI6, STM32U535REI6Q, STM32U535RET6, STM32U535RET6Q, STM32U535VCI6, STM32U535VCI6Q, STM32U535VCT6, STM32U535VCT6Q, STM32U535VEI6, STM32U535VEI6Q, STM32U535VET6, STM32U535VET6Q, STM32U545CET6, STM32U545CET6Q, STM32U545CEU6, STM32U545CEU6Q, STM32U545JEY6QTR, STM32U545NEY6QTR, STM32U545REI6, STM32U545REI6Q, STM32U545RET6, STM32U545RET6Q, STM32U545VEI6, STM32U545VEI6Q, STM32U545VET6, STM32U545VET6Q, STM32U595AIH6, STM32U595AIH6Q, STM32U595AJH6, STM32U595AJH6Q, STM32U595QII6, STM32U595QII6Q, STM32U595QJI6, STM32U595QJI6Q, STM32U595RIT6, STM32U595RIT6Q, STM32U595RJT6, STM32U595RJT6Q, STM32U595VIT6, STM32U595VIT6Q, STM32U595VJT6, STM32U595VJT6Q, STM32U595ZIT6, STM32U595ZIT6Q, STM32U595ZIY6QTR, STM32U595ZJT6, STM32U595ZJT6Q, STM32U595ZJY6QTR, STM32U599BJY6QTR, STM32U599NIH6Q, STM32U599NJH6Q, STM32U599VIT6Q, STM32U599VJT6, STM32U599VJT6Q, STM32U599ZIT6Q, STM32U599ZIY6QTR, STM32U599ZJT6Q, STM32U599ZJY6QTR, STM32U5A5AJH6, STM32U5A5AJH6Q, STM32U5A5QJI6, STM32U5A5QJI6Q, STM32U5A5RJT6, STM32U5A5RJT6Q, STM32U5A5VJT6, STM32U5A5VJT6Q, STM32U5A5ZJT6, STM32U5A5ZJT6Q, STM32U5A5ZJY6QTR, STM32U5A9BJY6QTR, STM32U5A9J-DK, STM32U5A9NJH6Q, STM32U5A9VJT6Q, STM32U5A9ZJT6Q, STM32U5A9ZJY6QTR, STM32WB1MMCH6, STM32WBA52CEU6, STM32WBA52CEU6T, STM32WBA52CGU6, STM32WBA52CGU6T, STM32WL5MOCH6, STM32WL5MOCH6TR]
2023-05-11 13:28:40,659 [INFO] BoardInfo:880 - No configuration file found for board P-NUCLEO-WB55
2023-05-11 13:28:40,660 [INFO] DbBoards:157 - Kit is not supported: P-NUCLEO-WB55
2023-05-11 13:28:40,667 [INFO] BoardInfo:880 - No configuration file found for board STEVAL-BFA001V1B
2023-05-11 13:28:40,667 [INFO] DbBoards:157 - Kit is not supported: STEVAL-BFA001V1B
2023-05-11 13:28:40,668 [INFO] BoardInfo:880 - No configuration file found for board STEVAL-BFA001V2B
2023-05-11 13:28:40,668 [INFO] DbBoards:157 - Kit is not supported: STEVAL-BFA001V2B
2023-05-11 13:28:40,841 [INFO] DbBoards:161 - Found 187 boards, 184 are supported
2023-05-11 13:28:40,851 [INFO] ApiDb:423 - Load user favorites file C:\Users\ADMIN/.stm32cubeide/favorites.boards.txt: 1 item(s)
2023-05-11 13:28:40,851 [INFO] ApiDb:427 - User favorites Boards=[NUCLEO-F401RE]
2023-05-11 13:28:40,851 [INFO] DbBoards:190 - Set 1 / 1 favorites Boards
2023-05-11 13:28:40,857 [INFO] ApiDb:668 - CubeFinder database Data Model version=2.1
2023-05-11 13:28:40,857 [INFO] ApiDb:669 - CubeFinder database Configuration version=3.0.35
2023-05-11 13:28:40,857 [INFO] ApiDb:670 - CubeFinder database generation date=2023-04-03 (1680511692)
2023-05-11 13:28:40,858 [INFO] ApiDb:671 - CubeFinder database FW Pack versions=[FP-ATR-ASTRA1_V2.0.0, STM32Cube_FW_C0_V1.0.1, STM32Cube_FW_F0_V1.11.4, STM32Cube_FW_F3_V1.11.4, STM32Cube_FW_F4_V1.27.1, STM32Cube_FW_F7_V1.17.0, STM32Cube_FW_G0_V1.6.1, STM32Cube_FW_G4_V1.5.1, STM32Cube_FW_H5_V0.5.1, STM32Cube_FW_H5_V1.0.0, STM32Cube_FW_H7_V1.11.0, STM32Cube_FW_L0_V1.12.2, STM32Cube_FW_L5_V1.5.0, STM32Cube_FW_U5_V1.2.0, STM32Cube_FW_WBA_V1.0.0, STM32Cube_FW_WBA_V1.0.0RC1, STM32Cube_FW_WBA_V1.0.0RC3, STM32Cube_FW_WB_V1.15.0RC1, STM32Cube_FW_WB_V1.16.0, STM32Cube_FW_WB_V1.16.0RC2, STM32Cube_FW_WL_V1.3.0, X-CUBE-ALGOBUILD_V1.3.0, X-CUBE-ALS_V1.0.1, X-CUBE-AZRTOS-F4_V1.1.0, X-CUBE-AZRTOS-F7_V1.1.0, X-CUBE-AZRTOS-G0_V1.1.0, X-CUBE-AZRTOS-G4_V1.0.0, X-CUBE-AZRTOS-H7_V3.0.0, X-CUBE-AZRTOS-L4_V1.0.0, X-CUBE-AZRTOS-L5_V1.1.0, X-CUBE-AZRTOS-WB_V1.1.0, X-CUBE-AZRTOS-WL_V1.0.0, X-CUBE-BLE1_V6.2.4, X-CUBE-BLE2_V3.3.0, X-CUBE-BLEMGR_V1.3.0, X-CUBE-EEPRMA1_V4.1.0, X-CUBE-FREERTOS_V1.0.1, X-CUBE-GNSS1_V6.0.0, X-CUBE-MEMS1_V9.1.0, X-CUBE-MEMS1_V9.4.0, X-CUBE-MEMS1_V9.5.0, X-CUBE-NFC4_V3.0.0, X-CUBE-NFC7_V1.0.0, X-CUBE-SFXS2LP1_V4.0.0, X-CUBE-SUBG2_V5.0.0]
2023-05-11 13:28:42,081 [INFO] DbExamplesSqlite:376 - Ignored 46 examples not supported by CubeIDE
2023-05-11 13:28:42,081 [INFO] DbExamplesSqlite:377 - Found 7336 examples active
2023-05-11 13:28:42,082 [INFO] DbExamplesSqlite:378 - Found 1095 examples obsolete
2023-05-11 13:28:42,082 [INFO] DbExamplesSqlite:379 - Found 0 examples under development
2023-05-11 13:28:42,082 [INFO] DbExamplesSqlite:380 - Found 77 examples not building
2023-05-11 13:28:42,084 [INFO] DbExamples:125 - Found 7367 examples
2023-05-11 13:28:42,106 [INFO] DbExamples:222 - Found 92 boards with related examples
2023-05-11 13:28:42,107 [INFO] DbExamples:235 - Found 78 MCUs with related examples
2023-05-11 13:28:42,145 [INFO] ApiDb:414 - User favorites file not found: C:\Users\ADMIN/.stm32cubeide/favorites.examples.txt
2023-05-11 13:28:42,145 [INFO] DbExamples:250 - Set 0 / 0 favorites Examples
2023-05-11 13:28:42,567 [INFO] McuFinderGlobals:66 - Set McuFinderConnectedMode to true
2023-05-11 13:28:42,577 [INFO] MultiScanPanel:200 - Auto-refresh data requested => check proxy status ongoing
2023-05-11 13:28:42,582 [INFO] FinderPluginLoader:95 - Searching for filters in installed packs
2023-05-11 13:28:44,430 [INFO] LoadUrlFilesThread:185 - End of LoadServerUrlFiles without Thread
2023-05-11 13:28:44,543 [INFO] DetailPanel:341 - Set advertising image to C:/Users/ADMIN/STM32Cube/Repository/\en.prom-stm32h5-mcu-finder.jpg
2023-05-11 13:29:10,801 [INFO] MultiScanPanel:200 - Auto-refresh data requested => check proxy status ongoing
2023-05-11 13:29:11,035 [INFO] LoadUrlFilesThread:185 - End of LoadServerUrlFiles without Thread
2023-05-11 13:29:11,035 [INFO] DetailPanel:341 - Set advertising image to C:/Users/ADMIN/STM32Cube/Repository/\en.prom-stm32h5-mcu-finder.jpg
2023-05-11 13:29:24,639 [INFO] BoardResultTable:719 - Unmark Board NUCLEO-F401RE as favorite
2023-05-11 13:31:34,827 [INFO] McuFinderGlobals:66 - Set McuFinderConnectedMode to true
2023-05-11 13:31:34,830 [INFO] ApiDb:448 - Save user favorites file C:\Users\ADMIN/.stm32cubeide/favorites.mcus.txt: 0 item(s)
2023-05-11 13:31:34,831 [INFO] ApiDb:452 - User favorites MCUs=[]
2023-05-11 13:31:34,832 [INFO] ApiDb:448 - Save user favorites file C:\Users\ADMIN/.stm32cubeide/favorites.boards.txt: 0 item(s)
2023-05-11 13:31:34,833 [INFO] ApiDb:452 - User favorites Boards=[]
2023-05-11 14:26:49,363 [INFO] MainUpdater:2854 - connection check result : 10
2023-05-11 14:26:49,363 [INFO] MainUpdater:2854 - connection check result : 10
2023-05-11 14:26:49,473 [INFO] MicroXplorer:468 - Change Database Path : 
2023-05-11 14:26:49,473 [INFO] MicroXplorer:498 - Change Database Version : DB.6.0.81
2023-05-11 14:26:49,474 [WARN] ThirdParty:871 - waiting for thirdparty lock release [close project]
2023-05-11 14:26:49,474 [INFO] ThirdParty:873 - entering critical section [close project]
2023-05-11 14:26:49,477 [INFO] ThirdParty:883 - exiting critical section [close project]
2023-05-11 14:26:49,482 [INFO] PinOutPanel:1499 - setPackage(No Configuration,No Configuration)
2023-05-11 14:26:49,497 [INFO] UtilMem:75 - Begin LoadConfig() Used Memory: 448724264 Bytes (570425344)
2023-05-11 14:26:49,499 [INFO] MicroXplorer:468 - Change Database Path : 
2023-05-11 14:26:49,499 [INFO] MicroXplorer:498 - Change Database Version : DB.6.0.81
2023-05-11 14:26:49,499 [INFO] OpenFileManager:308 - Change cursor
2023-05-11 14:26:49,575 [INFO] Mcu:1937 - Initializing MCU STM32F401R(D-E)Tx STM32F401RETx STM32F401RET6
2023-05-11 14:26:51,457 [INFO] Context:659 - Trying to add GPIOservice into a context  which must be forbidden
2023-05-11 14:26:52,329 [INFO] RtosManager:555 - Registered RTOS mode: class=CMSIS, group=RTOS, mode=CMSIS_V1, owner=FREERTOS
2023-05-11 14:26:52,329 [INFO] RtosManager:555 - Registered RTOS mode: class=CMSIS, group=RTOS2, mode=CMSIS_V2, owner=FREERTOS
2023-05-11 14:26:52,330 [INFO] RtosManager:555 - Registered RTOS mode: class=RTOS, group=Core, mode=CMSIS_V1, owner=FREERTOS
2023-05-11 14:26:52,330 [INFO] RtosManager:555 - Registered RTOS mode: class=RTOS, group=Core, mode=CMSIS_V2, owner=FREERTOS
2023-05-11 14:26:52,330 [WARN] ModelIntegratedComponent:184 - Missing modes for component STMicroelectronics:FreeRTOS:0.0.1:STMicroelectronics:RTOS:FreeRTOS:Core:::10.2.0:
2023-05-11 14:26:52,350 [WARN] ModelIntegratedComponent:63 - No mode defined for component null
2023-05-11 14:26:52,350 [WARN] ModelIntegratedComponent:63 - No mode defined for component null
2023-05-11 14:26:52,350 [WARN] ModelIntegratedComponent:63 - No mode defined for component null
2023-05-11 14:26:52,350 [WARN] ModelIntegratedComponent:63 - No mode defined for component null
2023-05-11 14:26:52,351 [WARN] ModelIntegratedComponent:63 - No mode defined for component null
2023-05-11 14:26:52,351 [WARN] ModelIntegratedComponent:63 - No mode defined for component null
2023-05-11 14:26:52,351 [WARN] ModelIntegratedComponent:63 - No mode defined for component null
2023-05-11 14:26:52,351 [WARN] ModelIntegratedComponent:63 - No mode defined for component null
2023-05-11 14:26:52,351 [WARN] ModelIntegratedComponent:63 - No mode defined for component null
2023-05-11 14:26:52,351 [WARN] ModelIntegratedComponent:63 - No mode defined for component null
2023-05-11 14:26:52,351 [WARN] ModelIntegratedComponent:63 - No mode defined for component null
2023-05-11 14:26:52,351 [WARN] ModelIntegratedComponent:63 - No mode defined for component null
2023-05-11 14:26:52,351 [WARN] ModelIntegratedComponent:63 - No mode defined for component null
2023-05-11 14:26:52,351 [WARN] ModelIntegratedComponent:63 - No mode defined for component null
2023-05-11 14:26:52,351 [WARN] ModelIntegratedComponent:63 - No mode defined for component null
2023-05-11 14:26:52,351 [WARN] ModelIntegratedComponent:63 - No mode defined for component null
2023-05-11 14:26:52,351 [WARN] ModelIntegratedComponent:63 - No mode defined for component null
2023-05-11 14:26:52,351 [WARN] ModelIntegratedComponent:63 - No mode defined for component null
2023-05-11 14:26:52,351 [WARN] ModelIntegratedComponent:63 - No mode defined for component null
2023-05-11 14:26:52,351 [WARN] ModelIntegratedComponent:63 - No mode defined for component null
2023-05-11 14:26:52,351 [WARN] ModelIntegratedComponent:63 - No mode defined for component null
2023-05-11 14:26:52,352 [WARN] ModelIntegratedComponent:63 - No mode defined for component null
2023-05-11 14:26:52,352 [WARN] ModelIntegratedComponent:63 - No mode defined for component null
2023-05-11 14:26:52,352 [WARN] ModelIntegratedComponent:63 - No mode defined for component null
2023-05-11 14:26:52,352 [WARN] ModelIntegratedComponent:63 - No mode defined for component null
2023-05-11 14:26:52,352 [WARN] ModelIntegratedComponent:63 - No mode defined for component null
2023-05-11 14:26:52,352 [WARN] ModelIntegratedComponent:63 - No mode defined for component null
2023-05-11 14:26:52,352 [WARN] ModelIntegratedComponent:63 - No mode defined for component null
2023-05-11 14:26:52,352 [WARN] ModelIntegratedComponent:63 - No mode defined for component null
2023-05-11 14:26:52,352 [WARN] ModelIntegratedComponent:63 - No mode defined for component null
2023-05-11 14:26:52,353 [WARN] ModelIntegratedComponent:63 - No mode defined for component null
2023-05-11 14:26:52,353 [WARN] ModelIntegratedComponent:63 - No mode defined for component null
2023-05-11 14:26:52,353 [WARN] ModelIntegratedComponent:63 - No mode defined for component null
2023-05-11 14:26:52,507 [INFO] ThirdPartyModel:298 - Start build external matchings
2023-05-11 14:26:53,869 [INFO] ThirdPartyModel:316 - End build external matchings
2023-05-11 14:26:53,927 [INFO] ImportTextPane:194 - (OptionalMessage_ERROR) IP (RCC) : Parameter (RTCHSEDivFreq_Value) has invalid value (4000000)
2023-05-11 14:26:54,311 [INFO] UtilMem:75 - End LoadConfig() Used Memory: 463063984 Bytes (570425344)
2023-05-11 14:26:54,317 [INFO] ApiDb:581 - Connected to CubeFinder SQLite database (C:\Users\ADMIN\.stmcufinder\plugins\mcufinder\mcu\cube-finder-db.db)
2023-05-11 14:26:54,489 [WARN] ThirdParty:833 - waiting for thirdparty lock release [change project]
2023-05-11 14:26:54,489 [INFO] ThirdParty:835 - entering critical section [change project]
2023-05-11 14:26:54,490 [INFO] ThirdParty:1030 - CMSIS Pack Vendor :STMicroelectronics X-CUBE-ISPU 1.1.0
2023-05-11 14:26:54,490 [INFO] ThirdParty:1030 - CMSIS Pack Vendor :RoweBots I-CUBE-UNISONRTOS 5.5.0-4
2023-05-11 14:26:54,490 [INFO] ThirdParty:1030 - CMSIS Pack Vendor :STMicroelectronics X-CUBE-GNSS1 6.0.0
2023-05-11 14:26:54,491 [INFO] ThirdParty:1030 - CMSIS Pack Vendor :STMicroelectronics USB_HOST 2.0.0
2023-05-11 14:26:54,491 [INFO] ThirdParty:1030 - CMSIS Pack Vendor :STMicroelectronics X-CUBE-AZRTOS-F4 1.1.0
2023-05-11 14:26:54,491 [INFO] ThirdParty:1030 - CMSIS Pack Vendor :STMicroelectronics LIBJPEG 8.0.0
2023-05-11 14:26:54,491 [INFO] ThirdParty:1030 - CMSIS Pack Vendor :STMicroelectronics X-CUBE-SMBUS 2.1.0
2023-05-11 14:26:54,491 [INFO] ThirdParty:1030 - CMSIS Pack Vendor :STMicroelectronics USB_DEVICE 3.0.0
2023-05-11 14:26:54,491 [INFO] ThirdParty:1030 - CMSIS Pack Vendor :STMicroelectronics X-CUBE-AI 8.0.0
2023-05-11 14:26:54,491 [INFO] ThirdParty:1030 - CMSIS Pack Vendor :STMicroelectronics X-CUBE-FREERTOS 1.0.0
2023-05-11 14:26:54,491 [INFO] ThirdParty:1030 - CMSIS Pack Vendor :STMicroelectronics X-CUBE-FREERTOS 1.0.1
2023-05-11 14:26:54,491 [INFO] ThirdParty:1030 - CMSIS Pack Vendor :STMicroelectronics X-CUBE-TOUCHGFX 4.21.1
2023-05-11 14:26:54,491 [INFO] ThirdParty:1030 - CMSIS Pack Vendor :STMicroelectronics X-CUBE-TOUCHGFX 4.21.0
2023-05-11 14:26:54,491 [INFO] ThirdParty:1030 - CMSIS Pack Vendor :STMicroelectronics X-CUBE-TOUCHGFX 4.21.3
2023-05-11 14:26:54,491 [INFO] ThirdParty:1030 - CMSIS Pack Vendor :STMicroelectronics X-CUBE-AZRTOS-F7 1.1.0
2023-05-11 14:26:54,491 [INFO] ThirdParty:1030 - CMSIS Pack Vendor :STMicroelectronics X-CUBE-MEMS1 9.4.0
2023-05-11 14:26:54,492 [INFO] ThirdParty:1030 - CMSIS Pack Vendor :STMicroelectronics USB_DEVICE 2.0.0
2023-05-11 14:26:54,492 [INFO] ThirdParty:1030 - CMSIS Pack Vendor :STMicroelectronics X-CUBE-MEMS1 9.6.0
2023-05-11 14:26:54,492 [INFO] ThirdParty:1030 - CMSIS Pack Vendor :STMicroelectronics X-CUBE-AI 7.3.0
2023-05-11 14:26:54,492 [INFO] ThirdParty:1030 - CMSIS Pack Vendor :STMicroelectronics FP-SNS-MOTENV1 4.3.0
2023-05-11 14:26:54,492 [INFO] ThirdParty:1030 - CMSIS Pack Vendor :STMicroelectronics FP-SNS-FLIGHT1 5.0.0
2023-05-11 14:26:54,492 [INFO] ThirdParty:1030 - CMSIS Pack Vendor :STMicroelectronics X-CUBE-ALGOBUILD 1.3.0
2023-05-11 14:26:54,492 [INFO] ThirdParty:1030 - CMSIS Pack Vendor :STMicroelectronics X-CUBE-BLE1 6.2.4
2023-05-11 14:26:54,492 [INFO] ThirdParty:1030 - CMSIS Pack Vendor :STMicroelectronics X-CUBE-AZRTOS-L5 1.1.0
2023-05-11 14:26:54,492 [INFO] ThirdParty:1030 - CMSIS Pack Vendor :STMicroelectronics FreeRTOS 0.0.1
2023-05-11 14:26:54,492 [INFO] ThirdParty:1030 - CMSIS Pack Vendor :emotas I-CUBE-CANOPEN 1.1.3
2023-05-11 14:26:54,492 [INFO] ThirdParty:1030 - CMSIS Pack Vendor :STMicroelectronics X-CUBE-AZRTOS-G0 1.1.0
2023-05-11 14:26:54,492 [INFO] ThirdParty:1030 - CMSIS Pack Vendor :STMicroelectronics X-CUBE-BLEMGR 2.0.0
2023-05-11 14:26:54,493 [INFO] ThirdParty:1030 - CMSIS Pack Vendor :STMicroelectronics X-CUBE-SUBG2 5.0.0
2023-05-11 14:26:54,493 [INFO] ThirdParty:1030 - CMSIS Pack Vendor :STMicroelectronics X-CUBE-NFC4 3.0.0
2023-05-11 14:26:54,493 [INFO] ThirdParty:1030 - CMSIS Pack Vendor :STMicroelectronics STM32_WPAN 1.0.0
2023-05-11 14:26:54,493 [INFO] ThirdParty:1030 - CMSIS Pack Vendor :STMicroelectronics lwIP 2.0.3
2023-05-11 14:26:54,493 [INFO] ThirdParty:1030 - CMSIS Pack Vendor :STMicroelectronics X-CUBE-NFC4 2.0.5
2023-05-11 14:26:54,493 [INFO] ThirdParty:1030 - CMSIS Pack Vendor :STMicroelectronics USB_HOST 1.0.0
2023-05-11 14:26:54,493 [INFO] ThirdParty:1030 - CMSIS Pack Vendor :STMicroelectronics X-CUBE-AZRTOS-G4 2.0.0
2023-05-11 14:26:54,493 [INFO] ThirdParty:1030 - CMSIS Pack Vendor :STMicroelectronics PDM2PCM 3.1.0
2023-05-11 14:26:54,493 [INFO] ThirdParty:1030 - CMSIS Pack Vendor :STMicroelectronics X-CUBE-AZRTOS-H7 3.1.0
2023-05-11 14:26:54,493 [INFO] ThirdParty:1030 - CMSIS Pack Vendor :STMicroelectronics X-CUBE-TOF1 3.3.0
2023-05-11 14:26:54,493 [INFO] ThirdParty:1030 - CMSIS Pack Vendor :STMicroelectronics FP-ATR-ASTRA1 1.1.1
2023-05-11 14:26:54,493 [INFO] ThirdParty:1030 - CMSIS Pack Vendor :STMicroelectronics PDM2PCM 3.3.0
2023-05-11 14:26:54,493 [INFO] ThirdParty:1030 - CMSIS Pack Vendor :STMicroelectronics X-CUBE-DISPLAY 3.0.0
2023-05-11 14:26:54,493 [INFO] ThirdParty:1030 - CMSIS Pack Vendor :STMicroelectronics X-CUBE-BLEMGR 1.3.0
2023-05-11 14:26:54,494 [INFO] ThirdParty:1030 - CMSIS Pack Vendor :STMicroelectronics X-CUBE-AZRTOS-G4 1.0.0
2023-05-11 14:26:54,494 [INFO] ThirdParty:1030 - CMSIS Pack Vendor :STMicroelectronics FP-ATR-SIGFOX1 3.2.0
2023-05-11 14:26:54,494 [INFO] ThirdParty:1030 - CMSIS Pack Vendor :wolfSSL I-CUBE-wolfSSL 5.5.4
2023-05-11 14:26:54,494 [INFO] ThirdParty:1030 - CMSIS Pack Vendor :STMicroelectronics X-CUBE-AZRTOS-L4 1.0.0
2023-05-11 14:26:54,494 [INFO] ThirdParty:1030 - CMSIS Pack Vendor :STMicroelectronics HAL Drivers 0.0.0
2023-05-11 14:26:54,494 [INFO] ThirdParty:1030 - CMSIS Pack Vendor :STMicroelectronics MBEDTLS 2.16.2
2023-05-11 14:26:54,494 [INFO] ThirdParty:1030 - CMSIS Pack Vendor :STMicroelectronics MBEDTLS 2.14.1
2023-05-11 14:26:54,494 [INFO] ThirdParty:1030 - CMSIS Pack Vendor :STMicroelectronics X-CUBE-NFC7 1.0.0
2023-05-11 14:26:54,494 [INFO] ThirdParty:1030 - CMSIS Pack Vendor :STMicroelectronics X-CUBE-AZRTOS-WL 1.0.0
2023-05-11 14:26:54,494 [INFO] ThirdParty:1030 - CMSIS Pack Vendor :STMicroelectronics X-CUBE-EEPRMA1 4.1.0
2023-05-11 14:26:54,494 [INFO] ThirdParty:1030 - CMSIS Pack Vendor :portGmbH I-Cube-SoM-uGOAL 1.1.0
2023-05-11 14:26:54,494 [INFO] ThirdParty:1030 - CMSIS Pack Vendor :STMicroelectronics X-CUBE-ALS 1.0.1
2023-05-11 14:26:54,495 [INFO] ThirdParty:1030 - CMSIS Pack Vendor :STMicroelectronics X-CUBE-MEMS1 9.5.0
2023-05-11 14:26:54,495 [INFO] ThirdParty:1030 - CMSIS Pack Vendor :STMicroelectronics ThreadX 1.0.0
2023-05-11 14:26:54,495 [INFO] ThirdParty:1030 - CMSIS Pack Vendor :STMicroelectronics X-CUBE-AZRTOS-WB 1.1.0
2023-05-11 14:26:54,495 [INFO] ThirdParty:1030 - CMSIS Pack Vendor :SEGGER I-CUBE-embOS 1.3.1
2023-05-11 14:26:54,495 [INFO] ThirdParty:1030 - CMSIS Pack Vendor :STMicroelectronics USB_DEVICE 1.0.0
2023-05-11 14:26:54,496 [INFO] ThirdParty:1030 - CMSIS Pack Vendor :SEGGER I-CUBE-embOS 1.3.0
2023-05-11 14:26:54,496 [INFO] ThirdParty:1030 - CMSIS Pack Vendor :STMicroelectronics ThreadX 0.0.2
2023-05-11 14:26:54,496 [INFO] ThirdParty:1030 - CMSIS Pack Vendor :WES I-CUBE-Cesium 1.3.0
2023-05-11 14:26:54,496 [INFO] ThirdParty:1030 - CMSIS Pack Vendor :STMicroelectronics FP-ATR-ASTRA1 2.0.0
2023-05-11 14:26:54,496 [INFO] ThirdParty:1030 - CMSIS Pack Vendor :STMicroelectronics lwIP 2.1.2
2023-05-11 14:26:54,496 [INFO] ThirdParty:1030 - CMSIS Pack Vendor :STMicroelectronics X-CUBE-SFXS2LP1 4.0.0
2023-05-11 14:26:54,497 [INFO] ThirdParty:1030 - CMSIS Pack Vendor :STMicroelectronics X-CUBE-BLE2 3.3.0
2023-05-11 14:26:54,497 [INFO] ThirdParty:1030 - CMSIS Pack Vendor :STMicroelectronics X-CUBE-DISPLAY 2.2.0
2023-05-11 14:26:54,497 [INFO] ThirdParty:1030 - CMSIS Pack Vendor :STMicroelectronics X-CUBE-TOF1 3.2.0
2023-05-11 14:26:54,497 [INFO] ThirdParty:1030 - CMSIS Pack Vendor :STMicroelectronics PDM2PCM 3.2.0
2023-05-11 14:26:54,497 [INFO] ThirdParty:1030 - CMSIS Pack Vendor :STMicroelectronics X-CUBE-AZRTOS-H7 3.0.0
2023-05-11 14:26:54,497 [INFO] ThirdParty:841 - exiting critical section [change project]
2023-05-11 14:26:55,069 [INFO] PinOutPanel:1499 - setPackage(No Configuration,No Configuration)
2023-05-11 14:26:55,071 [INFO] PinOutPanel:1499 - setPackage(STM32F401RETx,LQFP64)
2023-05-11 14:26:55,867 [INFO] UtilMem:75 - Before build in PCC Used Memory: 400787592 Bytes (570425344)
2023-05-11 14:26:57,030 [INFO] UtilMem:75 - After build in PCC Used Memory: 323633344 Bytes (570425344)
2023-05-11 14:26:57,073 [INFO] IPUIPlugin:80 - create IPUIPlugin
2023-05-11 14:26:57,074 [INFO] IPUIPlugin:80 - create IPUIPlugin
2023-05-11 14:26:57,074 [INFO] IPUIPlugin:80 - create IPUIPlugin
2023-05-11 14:26:57,075 [INFO] IPUIPlugin:80 - create IPUIPlugin
2023-05-11 14:26:57,075 [INFO] IPUIPlugin:80 - create IPUIPlugin
2023-05-11 14:26:57,075 [INFO] IPUIPlugin:80 - create IPUIPlugin
2023-05-11 14:26:57,076 [INFO] IPUIPlugin:80 - create IPUIPlugin
2023-05-11 14:26:57,076 [INFO] IPUIPlugin:80 - create IPUIPlugin
2023-05-11 14:26:57,076 [INFO] IPUIPlugin:80 - create IPUIPlugin
2023-05-11 14:26:57,076 [INFO] IPUIPlugin:80 - create IPUIPlugin
2023-05-11 14:26:57,077 [INFO] IPUIPlugin:80 - create IPUIPlugin
2023-05-11 14:26:57,077 [INFO] IPUIPlugin:80 - create IPUIPlugin
2023-05-11 14:26:57,078 [INFO] IPUIPlugin:80 - create IPUIPlugin
2023-05-11 14:26:57,078 [INFO] IPUIPlugin:80 - create IPUIPlugin
2023-05-11 14:26:57,078 [INFO] IPUIPlugin:80 - create IPUIPlugin
2023-05-11 14:26:57,079 [INFO] IPUIPlugin:80 - create IPUIPlugin
2023-05-11 14:26:57,079 [INFO] IPUIPlugin:80 - create IPUIPlugin
2023-05-11 14:26:57,080 [INFO] IPUIPlugin:80 - create IPUIPlugin
2023-05-11 14:26:57,081 [INFO] IPUIPlugin:80 - create IPUIPlugin
2023-05-11 14:26:57,081 [INFO] IPUIPlugin:80 - create IPUIPlugin
2023-05-11 14:26:57,082 [INFO] IPUIPlugin:80 - create IPUIPlugin
2023-05-11 14:26:57,082 [INFO] IPUIPlugin:80 - create IPUIPlugin
2023-05-11 14:26:57,082 [INFO] IPUIPlugin:80 - create IPUIPlugin
2023-05-11 14:26:57,083 [INFO] IPUIPlugin:80 - create IPUIPlugin
2023-05-11 14:26:57,084 [INFO] IPUIPlugin:80 - create IPUIPlugin
2023-05-11 14:26:57,084 [INFO] IPUIPlugin:80 - create IPUIPlugin
2023-05-11 14:26:57,084 [INFO] IPUIPlugin:80 - create IPUIPlugin
2023-05-11 14:26:57,085 [INFO] IPUIPlugin:80 - create IPUIPlugin
2023-05-11 14:26:57,085 [INFO] IPUIPlugin:80 - create IPUIPlugin
2023-05-11 14:26:57,086 [INFO] IPUIPlugin:80 - create IPUIPlugin
2023-05-11 14:26:57,086 [INFO] IPUIPlugin:80 - create IPUIPlugin
2023-05-11 14:26:57,087 [INFO] IPUIPlugin:80 - create IPUIPlugin
2023-05-11 14:26:57,087 [INFO] IPUIPlugin:80 - create IPUIPlugin
2023-05-11 14:26:57,088 [INFO] IPUIPlugin:80 - create IPUIPlugin
2023-05-11 14:26:57,088 [INFO] IPUIPlugin:80 - create IPUIPlugin
2023-05-11 14:26:57,088 [INFO] IPUIPlugin:80 - create IPUIPlugin
2023-05-11 14:26:57,089 [INFO] IPUIPlugin:80 - create IPUIPlugin
2023-05-11 14:26:57,089 [INFO] IPUIPlugin:80 - create IPUIPlugin
2023-05-11 14:26:57,195 [INFO] ApiDbMcu:507 - Load IP Config File for PDM2PCM
2023-05-11 14:26:57,209 [WARN] IP:2113 - I2C_Coeff_DF not found: check if there is a RefParameter without a condition.
2023-05-11 14:26:57,209 [WARN] IP:2113 - Analog_Filter not found: check if there is a RefParameter without a condition.
2023-05-11 14:26:57,541 [INFO] CADModel:165 - CPN selected for project levelSTM32F401RET6
2023-05-11 14:26:57,542 [INFO] CADModel:114 - Register for checkConnection events
2023-05-11 14:26:57,598 [INFO] OpenFileManager:328 - Restore cursor
2023-05-11 14:26:57,819 [WARN] IP:2113 - I2C_Coeff_DF not found: check if there is a RefParameter without a condition.
2023-05-11 14:26:57,819 [WARN] IP:2113 - Analog_Filter not found: check if there is a RefParameter without a condition.
2023-05-11 14:26:57,820 [WARN] IP:2113 - I2C_Coeff_DF not found: check if there is a RefParameter without a condition.
2023-05-11 14:26:57,821 [WARN] IP:2113 - Analog_Filter not found: check if there is a RefParameter without a condition.
2023-05-11 14:43:49,231 [INFO] MainUpdater:2854 - connection check result : 10
2023-05-11 14:43:49,364 [INFO] McuFinderGlobals:66 - Set McuFinderConnectedMode to true
2023-05-11 14:43:49,366 [INFO] MultiScanPanel:200 - Auto-refresh data requested => check proxy status ongoing
2023-05-11 14:43:49,366 [INFO] FinderPluginLoader:95 - Searching for filters in installed packs
2023-05-11 14:43:50,365 [INFO] LoadUrlFilesThread:185 - End of LoadServerUrlFiles without Thread
2023-05-11 14:43:50,365 [INFO] DetailPanel:341 - Set advertising image to C:/Users/ADMIN/STM32Cube/Repository/\en.prom-stm32h5-mcu-finder.jpg
2023-05-11 14:43:52,772 [INFO] MultiScanPanel:200 - Auto-refresh data requested => check proxy status ongoing
2023-05-11 14:43:52,867 [INFO] LoadUrlFilesThread:185 - End of LoadServerUrlFiles without Thread
2023-05-11 14:43:52,867 [INFO] DetailPanel:341 - Set advertising image to C:/Users/ADMIN/STM32Cube/Repository/\en.prom-stm32h5-mcu-finder.jpg
2023-05-11 14:45:03,447 [INFO] McuFinderGlobals:66 - Set McuFinderConnectedMode to true
2023-05-11 14:45:03,449 [INFO] ApiDb:448 - Save user favorites file C:\Users\ADMIN/.stm32cubeide/favorites.mcus.txt: 0 item(s)
2023-05-11 14:45:03,450 [INFO] ApiDb:452 - User favorites MCUs=[]
2023-05-11 14:45:03,451 [INFO] ApiDb:448 - Save user favorites file C:\Users\ADMIN/.stm32cubeide/favorites.boards.txt: 0 item(s)
2023-05-11 14:45:03,451 [INFO] ApiDb:452 - User favorites Boards=[]
2023-05-11 15:34:34,974 [INFO] MainUpdater:2854 - connection check result : 10
2023-05-11 15:34:35,115 [INFO] McuFinderGlobals:66 - Set McuFinderConnectedMode to true
2023-05-11 15:34:35,116 [INFO] MultiScanPanel:200 - Auto-refresh data requested => check proxy status ongoing
2023-05-11 15:34:35,117 [INFO] FinderPluginLoader:95 - Searching for filters in installed packs
2023-05-11 15:34:36,117 [INFO] LoadUrlFilesThread:185 - End of LoadServerUrlFiles without Thread
2023-05-11 15:34:36,118 [INFO] DetailPanel:341 - Set advertising image to C:/Users/ADMIN/STM32Cube/Repository/\en.prom-stm32h5-mcu-finder.jpg
2023-05-11 15:34:38,711 [INFO] MultiScanPanel:200 - Auto-refresh data requested => check proxy status ongoing
2023-05-11 15:34:38,794 [INFO] LoadUrlFilesThread:185 - End of LoadServerUrlFiles without Thread
2023-05-11 15:34:38,794 [INFO] DetailPanel:341 - Set advertising image to C:/Users/ADMIN/STM32Cube/Repository/\en.prom-stm32h5-mcu-finder.jpg
2023-05-11 15:35:52,306 [INFO] McuFinderGlobals:66 - Set McuFinderConnectedMode to true
2023-05-11 15:35:52,308 [INFO] ApiDb:448 - Save user favorites file C:\Users\ADMIN/.stm32cubeide/favorites.mcus.txt: 0 item(s)
2023-05-11 15:35:52,308 [INFO] ApiDb:452 - User favorites MCUs=[]
2023-05-11 15:35:52,309 [INFO] ApiDb:448 - Save user favorites file C:\Users\ADMIN/.stm32cubeide/favorites.boards.txt: 0 item(s)
2023-05-11 15:35:52,309 [INFO] ApiDb:452 - User favorites Boards=[]
2023-05-11 16:29:27,550 [INFO] MainUpdater:2854 - connection check result : 10
2023-05-11 16:29:27,550 [INFO] MainUpdater:2854 - connection check result : 10
2023-05-11 16:29:27,612 [INFO] MicroXplorer:468 - Change Database Path : 
2023-05-11 16:29:27,612 [INFO] MicroXplorer:498 - Change Database Version : DB.6.0.81
2023-05-11 16:29:27,665 [WARN] ThirdParty:871 - waiting for thirdparty lock release [close project]
2023-05-11 16:29:27,665 [INFO] ThirdParty:873 - entering critical section [close project]
2023-05-11 16:29:27,665 [INFO] ThirdParty:883 - exiting critical section [close project]
2023-05-11 16:29:27,668 [INFO] PinOutPanel:1499 - setPackage(No Configuration,No Configuration)
2023-05-11 16:29:27,710 [WARN] IpParametersView:150 - Warning: This peripheral hasn't parameters
2023-05-11 16:29:27,752 [WARN] MainPanel:257 - <html><b><center>Warning: This peripheral has no parameters to be configured<br></b></html>
2023-05-11 16:29:27,788 [INFO] UtilMem:75 - Begin LoadConfig() Used Memory: 356974464 Bytes (570425344)
2023-05-11 16:29:27,789 [INFO] MicroXplorer:468 - Change Database Path : 
2023-05-11 16:29:27,789 [INFO] MicroXplorer:498 - Change Database Version : DB.6.0.81
2023-05-11 16:29:27,789 [INFO] OpenFileManager:308 - Change cursor
2023-05-11 16:29:27,805 [INFO] Mcu:1937 - Initializing MCU STM32F401R(D-E)Tx STM32F401RETx STM32F401RET6
2023-05-11 16:29:28,890 [INFO] Context:659 - Trying to add GPIOservice into a context  which must be forbidden
2023-05-11 16:29:29,482 [INFO] RtosManager:555 - Registered RTOS mode: class=CMSIS, group=RTOS, mode=CMSIS_V1, owner=FREERTOS
2023-05-11 16:29:29,482 [INFO] RtosManager:555 - Registered RTOS mode: class=CMSIS, group=RTOS2, mode=CMSIS_V2, owner=FREERTOS
2023-05-11 16:29:29,482 [INFO] RtosManager:555 - Registered RTOS mode: class=RTOS, group=Core, mode=CMSIS_V1, owner=FREERTOS
2023-05-11 16:29:29,483 [INFO] RtosManager:555 - Registered RTOS mode: class=RTOS, group=Core, mode=CMSIS_V2, owner=FREERTOS
2023-05-11 16:29:29,483 [WARN] ModelIntegratedComponent:184 - Missing modes for component STMicroelectronics:FreeRTOS:0.0.1:STMicroelectronics:RTOS:FreeRTOS:Core:::10.2.0:
2023-05-11 16:29:29,497 [WARN] ModelIntegratedComponent:63 - No mode defined for component null
2023-05-11 16:29:29,497 [WARN] ModelIntegratedComponent:63 - No mode defined for component null
2023-05-11 16:29:29,497 [WARN] ModelIntegratedComponent:63 - No mode defined for component null
2023-05-11 16:29:29,497 [WARN] ModelIntegratedComponent:63 - No mode defined for component null
2023-05-11 16:29:29,497 [WARN] ModelIntegratedComponent:63 - No mode defined for component null
2023-05-11 16:29:29,497 [WARN] ModelIntegratedComponent:63 - No mode defined for component null
2023-05-11 16:29:29,497 [WARN] ModelIntegratedComponent:63 - No mode defined for component null
2023-05-11 16:29:29,497 [WARN] ModelIntegratedComponent:63 - No mode defined for component null
2023-05-11 16:29:29,497 [WARN] ModelIntegratedComponent:63 - No mode defined for component null
2023-05-11 16:29:29,497 [WARN] ModelIntegratedComponent:63 - No mode defined for component null
2023-05-11 16:29:29,497 [WARN] ModelIntegratedComponent:63 - No mode defined for component null
2023-05-11 16:29:29,497 [WARN] ModelIntegratedComponent:63 - No mode defined for component null
2023-05-11 16:29:29,497 [WARN] ModelIntegratedComponent:63 - No mode defined for component null
2023-05-11 16:29:29,497 [WARN] ModelIntegratedComponent:63 - No mode defined for component null
2023-05-11 16:29:29,498 [WARN] ModelIntegratedComponent:63 - No mode defined for component null
2023-05-11 16:29:29,498 [WARN] ModelIntegratedComponent:63 - No mode defined for component null
2023-05-11 16:29:29,498 [WARN] ModelIntegratedComponent:63 - No mode defined for component null
2023-05-11 16:29:29,498 [WARN] ModelIntegratedComponent:63 - No mode defined for component null
2023-05-11 16:29:29,498 [WARN] ModelIntegratedComponent:63 - No mode defined for component null
2023-05-11 16:29:29,498 [WARN] ModelIntegratedComponent:63 - No mode defined for component null
2023-05-11 16:29:29,498 [WARN] ModelIntegratedComponent:63 - No mode defined for component null
2023-05-11 16:29:29,498 [WARN] ModelIntegratedComponent:63 - No mode defined for component null
2023-05-11 16:29:29,498 [WARN] ModelIntegratedComponent:63 - No mode defined for component null
2023-05-11 16:29:29,498 [WARN] ModelIntegratedComponent:63 - No mode defined for component null
2023-05-11 16:29:29,498 [WARN] ModelIntegratedComponent:63 - No mode defined for component null
2023-05-11 16:29:29,498 [WARN] ModelIntegratedComponent:63 - No mode defined for component null
2023-05-11 16:29:29,498 [WARN] ModelIntegratedComponent:63 - No mode defined for component null
2023-05-11 16:29:29,498 [WARN] ModelIntegratedComponent:63 - No mode defined for component null
2023-05-11 16:29:29,498 [WARN] ModelIntegratedComponent:63 - No mode defined for component null
2023-05-11 16:29:29,498 [WARN] ModelIntegratedComponent:63 - No mode defined for component null
2023-05-11 16:29:29,498 [WARN] ModelIntegratedComponent:63 - No mode defined for component null
2023-05-11 16:29:29,498 [WARN] ModelIntegratedComponent:63 - No mode defined for component null
2023-05-11 16:29:29,498 [WARN] ModelIntegratedComponent:63 - No mode defined for component null
2023-05-11 16:29:29,674 [INFO] ThirdPartyModel:298 - Start build external matchings
2023-05-11 16:29:31,080 [INFO] ThirdPartyModel:316 - End build external matchings
2023-05-11 16:29:31,098 [INFO] ImportTextPane:194 - (OptionalMessage_ERROR) IP (RCC) : Parameter (RTCHSEDivFreq_Value) has invalid value (4000000)
2023-05-11 16:29:31,386 [INFO] UtilMem:75 - End LoadConfig() Used Memory: 258710584 Bytes (570425344)
2023-05-11 16:29:32,742 [WARN] ThirdParty:833 - waiting for thirdparty lock release [change project]
2023-05-11 16:29:32,742 [INFO] ThirdParty:835 - entering critical section [change project]
2023-05-11 16:29:32,742 [INFO] ThirdParty:1030 - CMSIS Pack Vendor :STMicroelectronics X-CUBE-ISPU 1.1.0
2023-05-11 16:29:32,743 [INFO] ThirdParty:1030 - CMSIS Pack Vendor :RoweBots I-CUBE-UNISONRTOS 5.5.0-4
2023-05-11 16:29:32,743 [INFO] ThirdParty:1030 - CMSIS Pack Vendor :STMicroelectronics X-CUBE-GNSS1 6.0.0
2023-05-11 16:29:32,743 [INFO] ThirdParty:1030 - CMSIS Pack Vendor :STMicroelectronics USB_HOST 2.0.0
2023-05-11 16:29:32,743 [INFO] ThirdParty:1030 - CMSIS Pack Vendor :STMicroelectronics X-CUBE-AZRTOS-F4 1.1.0
2023-05-11 16:29:32,743 [INFO] ThirdParty:1030 - CMSIS Pack Vendor :STMicroelectronics LIBJPEG 8.0.0
2023-05-11 16:29:32,743 [INFO] ThirdParty:1030 - CMSIS Pack Vendor :STMicroelectronics X-CUBE-SMBUS 2.1.0
2023-05-11 16:29:32,743 [INFO] ThirdParty:1030 - CMSIS Pack Vendor :STMicroelectronics USB_DEVICE 3.0.0
2023-05-11 16:29:32,743 [INFO] ThirdParty:1030 - CMSIS Pack Vendor :STMicroelectronics X-CUBE-AI 8.0.0
2023-05-11 16:29:32,743 [INFO] ThirdParty:1030 - CMSIS Pack Vendor :STMicroelectronics X-CUBE-FREERTOS 1.0.0
2023-05-11 16:29:32,743 [INFO] ThirdParty:1030 - CMSIS Pack Vendor :STMicroelectronics X-CUBE-FREERTOS 1.0.1
2023-05-11 16:29:32,743 [INFO] ThirdParty:1030 - CMSIS Pack Vendor :STMicroelectronics X-CUBE-TOUCHGFX 4.21.1
2023-05-11 16:29:32,743 [INFO] ThirdParty:1030 - CMSIS Pack Vendor :STMicroelectronics X-CUBE-TOUCHGFX 4.21.0
2023-05-11 16:29:32,743 [INFO] ThirdParty:1030 - CMSIS Pack Vendor :STMicroelectronics X-CUBE-TOUCHGFX 4.21.3
2023-05-11 16:29:32,743 [INFO] ThirdParty:1030 - CMSIS Pack Vendor :STMicroelectronics X-CUBE-AZRTOS-F7 1.1.0
2023-05-11 16:29:32,743 [INFO] ThirdParty:1030 - CMSIS Pack Vendor :STMicroelectronics X-CUBE-MEMS1 9.4.0
2023-05-11 16:29:32,743 [INFO] ThirdParty:1030 - CMSIS Pack Vendor :STMicroelectronics USB_DEVICE 2.0.0
2023-05-11 16:29:32,744 [INFO] ThirdParty:1030 - CMSIS Pack Vendor :STMicroelectronics X-CUBE-MEMS1 9.6.0
2023-05-11 16:29:32,744 [INFO] ThirdParty:1030 - CMSIS Pack Vendor :STMicroelectronics X-CUBE-AI 7.3.0
2023-05-11 16:29:32,744 [INFO] ThirdParty:1030 - CMSIS Pack Vendor :STMicroelectronics FP-SNS-MOTENV1 4.3.0
2023-05-11 16:29:32,744 [INFO] ThirdParty:1030 - CMSIS Pack Vendor :STMicroelectronics FP-SNS-FLIGHT1 5.0.0
2023-05-11 16:29:32,744 [INFO] ThirdParty:1030 - CMSIS Pack Vendor :STMicroelectronics X-CUBE-ALGOBUILD 1.3.0
2023-05-11 16:29:32,744 [INFO] ThirdParty:1030 - CMSIS Pack Vendor :STMicroelectronics X-CUBE-BLE1 6.2.4
2023-05-11 16:29:32,744 [INFO] ThirdParty:1030 - CMSIS Pack Vendor :STMicroelectronics X-CUBE-AZRTOS-L5 1.1.0
2023-05-11 16:29:32,744 [INFO] ThirdParty:1030 - CMSIS Pack Vendor :STMicroelectronics FreeRTOS 0.0.1
2023-05-11 16:29:32,744 [INFO] ThirdParty:1030 - CMSIS Pack Vendor :emotas I-CUBE-CANOPEN 1.1.3
2023-05-11 16:29:32,744 [INFO] ThirdParty:1030 - CMSIS Pack Vendor :STMicroelectronics X-CUBE-AZRTOS-G0 1.1.0
2023-05-11 16:29:32,744 [INFO] ThirdParty:1030 - CMSIS Pack Vendor :STMicroelectronics X-CUBE-BLEMGR 2.0.0
2023-05-11 16:29:32,744 [INFO] ThirdParty:1030 - CMSIS Pack Vendor :STMicroelectronics X-CUBE-SUBG2 5.0.0
2023-05-11 16:29:32,744 [INFO] ThirdParty:1030 - CMSIS Pack Vendor :STMicroelectronics X-CUBE-NFC4 3.0.0
2023-05-11 16:29:32,744 [INFO] ThirdParty:1030 - CMSIS Pack Vendor :STMicroelectronics STM32_WPAN 1.0.0
2023-05-11 16:29:32,744 [INFO] ThirdParty:1030 - CMSIS Pack Vendor :STMicroelectronics lwIP 2.0.3
2023-05-11 16:29:32,744 [INFO] ThirdParty:1030 - CMSIS Pack Vendor :STMicroelectronics X-CUBE-NFC4 2.0.5
2023-05-11 16:29:32,744 [INFO] ThirdParty:1030 - CMSIS Pack Vendor :STMicroelectronics USB_HOST 1.0.0
2023-05-11 16:29:32,745 [INFO] ThirdParty:1030 - CMSIS Pack Vendor :STMicroelectronics X-CUBE-AZRTOS-G4 2.0.0
2023-05-11 16:29:32,745 [INFO] ThirdParty:1030 - CMSIS Pack Vendor :STMicroelectronics PDM2PCM 3.1.0
2023-05-11 16:29:32,745 [INFO] ThirdParty:1030 - CMSIS Pack Vendor :STMicroelectronics X-CUBE-AZRTOS-H7 3.1.0
2023-05-11 16:29:32,745 [INFO] ThirdParty:1030 - CMSIS Pack Vendor :STMicroelectronics X-CUBE-TOF1 3.3.0
2023-05-11 16:29:32,745 [INFO] ThirdParty:1030 - CMSIS Pack Vendor :STMicroelectronics FP-ATR-ASTRA1 1.1.1
2023-05-11 16:29:32,745 [INFO] ThirdParty:1030 - CMSIS Pack Vendor :STMicroelectronics PDM2PCM 3.3.0
2023-05-11 16:29:32,745 [INFO] ThirdParty:1030 - CMSIS Pack Vendor :STMicroelectronics X-CUBE-DISPLAY 3.0.0
2023-05-11 16:29:32,745 [INFO] ThirdParty:1030 - CMSIS Pack Vendor :STMicroelectronics X-CUBE-BLEMGR 1.3.0
2023-05-11 16:29:32,745 [INFO] ThirdParty:1030 - CMSIS Pack Vendor :STMicroelectronics X-CUBE-AZRTOS-G4 1.0.0
2023-05-11 16:29:32,745 [INFO] ThirdParty:1030 - CMSIS Pack Vendor :STMicroelectronics FP-ATR-SIGFOX1 3.2.0
2023-05-11 16:29:32,745 [INFO] ThirdParty:1030 - CMSIS Pack Vendor :wolfSSL I-CUBE-wolfSSL 5.5.4
2023-05-11 16:29:32,745 [INFO] ThirdParty:1030 - CMSIS Pack Vendor :STMicroelectronics X-CUBE-AZRTOS-L4 1.0.0
2023-05-11 16:29:32,745 [INFO] ThirdParty:1030 - CMSIS Pack Vendor :STMicroelectronics HAL Drivers 0.0.0
2023-05-11 16:29:32,745 [INFO] ThirdParty:1030 - CMSIS Pack Vendor :STMicroelectronics MBEDTLS 2.16.2
2023-05-11 16:29:32,746 [INFO] ThirdParty:1030 - CMSIS Pack Vendor :STMicroelectronics MBEDTLS 2.14.1
2023-05-11 16:29:32,746 [INFO] ThirdParty:1030 - CMSIS Pack Vendor :STMicroelectronics X-CUBE-NFC7 1.0.0
2023-05-11 16:29:32,746 [INFO] ThirdParty:1030 - CMSIS Pack Vendor :STMicroelectronics X-CUBE-AZRTOS-WL 1.0.0
2023-05-11 16:29:32,746 [INFO] ThirdParty:1030 - CMSIS Pack Vendor :STMicroelectronics X-CUBE-EEPRMA1 4.1.0
2023-05-11 16:29:32,746 [INFO] ThirdParty:1030 - CMSIS Pack Vendor :portGmbH I-Cube-SoM-uGOAL 1.1.0
2023-05-11 16:29:32,746 [INFO] ThirdParty:1030 - CMSIS Pack Vendor :STMicroelectronics X-CUBE-ALS 1.0.1
2023-05-11 16:29:32,746 [INFO] ThirdParty:1030 - CMSIS Pack Vendor :STMicroelectronics X-CUBE-MEMS1 9.5.0
2023-05-11 16:29:32,746 [INFO] ThirdParty:1030 - CMSIS Pack Vendor :STMicroelectronics ThreadX 1.0.0
2023-05-11 16:29:32,746 [INFO] ThirdParty:1030 - CMSIS Pack Vendor :STMicroelectronics X-CUBE-AZRTOS-WB 1.1.0
2023-05-11 16:29:32,746 [INFO] ThirdParty:1030 - CMSIS Pack Vendor :SEGGER I-CUBE-embOS 1.3.1
2023-05-11 16:29:32,746 [INFO] ThirdParty:1030 - CMSIS Pack Vendor :STMicroelectronics USB_DEVICE 1.0.0
2023-05-11 16:29:32,746 [INFO] ThirdParty:1030 - CMSIS Pack Vendor :SEGGER I-CUBE-embOS 1.3.0
2023-05-11 16:29:32,746 [INFO] ThirdParty:1030 - CMSIS Pack Vendor :STMicroelectronics ThreadX 0.0.2
2023-05-11 16:29:32,746 [INFO] ThirdParty:1030 - CMSIS Pack Vendor :WES I-CUBE-Cesium 1.3.0
2023-05-11 16:29:32,746 [INFO] ThirdParty:1030 - CMSIS Pack Vendor :STMicroelectronics FP-ATR-ASTRA1 2.0.0
2023-05-11 16:29:32,747 [INFO] ThirdParty:1030 - CMSIS Pack Vendor :STMicroelectronics lwIP 2.1.2
2023-05-11 16:29:32,747 [INFO] ThirdParty:1030 - CMSIS Pack Vendor :STMicroelectronics X-CUBE-SFXS2LP1 4.0.0
2023-05-11 16:29:32,747 [INFO] ThirdParty:1030 - CMSIS Pack Vendor :STMicroelectronics X-CUBE-BLE2 3.3.0
2023-05-11 16:29:32,747 [INFO] ThirdParty:1030 - CMSIS Pack Vendor :STMicroelectronics X-CUBE-DISPLAY 2.2.0
2023-05-11 16:29:32,747 [INFO] ThirdParty:1030 - CMSIS Pack Vendor :STMicroelectronics X-CUBE-TOF1 3.2.0
2023-05-11 16:29:32,747 [INFO] ThirdParty:1030 - CMSIS Pack Vendor :STMicroelectronics PDM2PCM 3.2.0
2023-05-11 16:29:32,747 [INFO] ThirdParty:1030 - CMSIS Pack Vendor :STMicroelectronics X-CUBE-AZRTOS-H7 3.0.0
2023-05-11 16:29:32,747 [INFO] ThirdParty:841 - exiting critical section [change project]
2023-05-11 16:29:32,934 [INFO] PinOutPanel:1499 - setPackage(No Configuration,No Configuration)
2023-05-11 16:29:32,935 [INFO] PinOutPanel:1499 - setPackage(STM32F401RETx,LQFP64)
2023-05-11 16:29:33,303 [INFO] UtilMem:75 - Before build in PCC Used Memory: 273956912 Bytes (570425344)
2023-05-11 16:29:33,587 [INFO] UtilMem:75 - After build in PCC Used Memory: 319045680 Bytes (570425344)
2023-05-11 16:29:33,608 [INFO] IPUIPlugin:80 - create IPUIPlugin
2023-05-11 16:29:33,608 [INFO] IPUIPlugin:80 - create IPUIPlugin
2023-05-11 16:29:33,609 [INFO] IPUIPlugin:80 - create IPUIPlugin
2023-05-11 16:29:33,609 [INFO] IPUIPlugin:80 - create IPUIPlugin
2023-05-11 16:29:33,609 [INFO] IPUIPlugin:80 - create IPUIPlugin
2023-05-11 16:29:33,609 [INFO] IPUIPlugin:80 - create IPUIPlugin
2023-05-11 16:29:33,609 [INFO] IPUIPlugin:80 - create IPUIPlugin
2023-05-11 16:29:33,609 [INFO] IPUIPlugin:80 - create IPUIPlugin
2023-05-11 16:29:33,609 [INFO] IPUIPlugin:80 - create IPUIPlugin
2023-05-11 16:29:33,609 [INFO] IPUIPlugin:80 - create IPUIPlugin
2023-05-11 16:29:33,610 [INFO] IPUIPlugin:80 - create IPUIPlugin
2023-05-11 16:29:33,610 [INFO] IPUIPlugin:80 - create IPUIPlugin
2023-05-11 16:29:33,610 [INFO] IPUIPlugin:80 - create IPUIPlugin
2023-05-11 16:29:33,610 [INFO] IPUIPlugin:80 - create IPUIPlugin
2023-05-11 16:29:33,610 [INFO] IPUIPlugin:80 - create IPUIPlugin
2023-05-11 16:29:33,611 [INFO] IPUIPlugin:80 - create IPUIPlugin
2023-05-11 16:29:33,611 [INFO] IPUIPlugin:80 - create IPUIPlugin
2023-05-11 16:29:33,611 [INFO] IPUIPlugin:80 - create IPUIPlugin
2023-05-11 16:29:33,611 [INFO] IPUIPlugin:80 - create IPUIPlugin
2023-05-11 16:29:33,611 [INFO] IPUIPlugin:80 - create IPUIPlugin
2023-05-11 16:29:33,612 [INFO] IPUIPlugin:80 - create IPUIPlugin
2023-05-11 16:29:33,612 [INFO] IPUIPlugin:80 - create IPUIPlugin
2023-05-11 16:29:33,612 [INFO] IPUIPlugin:80 - create IPUIPlugin
2023-05-11 16:29:33,612 [INFO] IPUIPlugin:80 - create IPUIPlugin
2023-05-11 16:29:33,613 [INFO] IPUIPlugin:80 - create IPUIPlugin
2023-05-11 16:29:33,613 [INFO] IPUIPlugin:80 - create IPUIPlugin
2023-05-11 16:29:33,613 [INFO] IPUIPlugin:80 - create IPUIPlugin
2023-05-11 16:29:33,613 [INFO] IPUIPlugin:80 - create IPUIPlugin
2023-05-11 16:29:33,614 [INFO] IPUIPlugin:80 - create IPUIPlugin
2023-05-11 16:29:33,614 [INFO] IPUIPlugin:80 - create IPUIPlugin
2023-05-11 16:29:33,614 [INFO] IPUIPlugin:80 - create IPUIPlugin
2023-05-11 16:29:33,614 [INFO] IPUIPlugin:80 - create IPUIPlugin
2023-05-11 16:29:33,615 [INFO] IPUIPlugin:80 - create IPUIPlugin
2023-05-11 16:29:33,615 [INFO] IPUIPlugin:80 - create IPUIPlugin
2023-05-11 16:29:33,616 [INFO] IPUIPlugin:80 - create IPUIPlugin
2023-05-11 16:29:33,616 [INFO] IPUIPlugin:80 - create IPUIPlugin
2023-05-11 16:29:33,616 [INFO] IPUIPlugin:80 - create IPUIPlugin
2023-05-11 16:29:33,617 [INFO] IPUIPlugin:80 - create IPUIPlugin
2023-05-11 16:29:33,619 [INFO] ApiDbMcu:507 - Load IP Config File for PDM2PCM
2023-05-11 16:29:33,620 [WARN] IP:2113 - I2C_Coeff_DF not found: check if there is a RefParameter without a condition.
2023-05-11 16:29:33,620 [WARN] IP:2113 - Analog_Filter not found: check if there is a RefParameter without a condition.
2023-05-11 16:29:33,691 [INFO] CADModel:165 - CPN selected for project levelSTM32F401RET6
2023-05-11 16:29:33,692 [INFO] CADModel:114 - Register for checkConnection events
2023-05-11 16:29:33,752 [INFO] OpenFileManager:328 - Restore cursor
2023-05-11 16:29:33,823 [WARN] IP:2113 - I2C_Coeff_DF not found: check if there is a RefParameter without a condition.
2023-05-11 16:29:33,823 [WARN] IP:2113 - Analog_Filter not found: check if there is a RefParameter without a condition.
2023-05-11 16:29:33,823 [WARN] IP:2113 - I2C_Coeff_DF not found: check if there is a RefParameter without a condition.
2023-05-11 16:29:33,823 [WARN] IP:2113 - Analog_Filter not found: check if there is a RefParameter without a condition.
2023-05-11 17:45:55,448 [INFO] ADCParametersView:116 -                Rank 1 : false
2023-05-11 17:45:55,572 [INFO] ADCParametersView:116 -                Rank 1 : false
2023-05-11 17:45:55,573 [INFO] ADCParametersView:116 -                Rank 1 : false
2023-05-11 17:45:55,573 [INFO] ADCParametersView:116 -                Rank 1 : false
2023-05-11 17:45:55,574 [INFO] ADCParametersView:116 -                Rank 1 : false
2023-05-11 17:45:55,574 [INFO] ADCParametersView:116 -                Rank 1 : false
2023-05-11 17:45:55,575 [INFO] ADCParametersView:116 -                Rank 1 : false
2023-05-11 17:45:55,575 [INFO] ADCParametersView:116 -                Rank 1 : false
2023-05-11 17:45:55,575 [INFO] ADCParametersView:116 -                Rank 1 : false
2023-05-11 17:45:55,576 [INFO] ADCParametersView:116 -                Rank 1 : false
2023-05-11 17:45:55,576 [INFO] ADCParametersView:116 -                Rank 1 : false
2023-05-11 17:45:55,576 [INFO] ADCParametersView:116 -                Rank 1 : false
2023-05-11 17:45:55,576 [INFO] ADCParametersView:116 -                Rank 1 : false
2023-05-11 17:45:55,576 [INFO] ADCParametersView:116 -                Rank 1 : false
2023-05-11 17:45:55,577 [INFO] ADCParametersView:116 -                Rank 1 : false
2023-05-11 17:45:55,593 [INFO] ADCParametersView:116 -                Rank 1 : false
2023-05-11 17:45:55,754 [INFO] NvicIntPanel:101 - NVIC parent = com.st.microxplorer.plugins.ip.nvic.MultiNvicIntPanel[,0,0,0x0,invalid,layout=javax.swing.BoxLayout,alignmentX=0.0,alignmentY=0.0,border=,flags=9,maximumSize=,minimumSize=,preferredSize=]
2023-05-11 17:45:55,889 [INFO] NvicIntPanel:101 - NVIC parent = com.st.microxplorer.plugins.ip.nvic.MultiNvicIntPanel[,0,0,0x0,invalid,layout=javax.swing.BoxLayout,alignmentX=0.0,alignmentY=0.0,border=,flags=9,maximumSize=,minimumSize=,preferredSize=]
2023-05-11 17:45:56,006 [INFO] NvicIntPanel:101 - NVIC parent = com.st.microxplorer.plugins.ip.nvic.MultiNvicIntPanel[,0,0,0x0,invalid,layout=javax.swing.BoxLayout,alignmentX=0.0,alignmentY=0.0,border=,flags=9,maximumSize=,minimumSize=,preferredSize=]
2023-05-11 17:45:56,080 [INFO] ADCParametersView:116 -                Rank 1 : false
2023-05-11 17:45:56,080 [INFO] ADCParametersView:116 -                Rank 1 : false
2023-05-11 17:45:56,080 [INFO] ADCParametersView:116 -                Rank 1 : false
2023-05-11 17:45:56,081 [INFO] ADCParametersView:116 -                Rank 1 : false
2023-05-11 17:45:56,081 [INFO] ADCParametersView:116 -                Rank 1 : false
2023-05-11 17:45:56,081 [INFO] ADCParametersView:116 -                Rank 1 : false
2023-05-11 17:45:56,082 [INFO] ADCParametersView:116 -                Rank 1 : false
2023-05-11 17:45:56,082 [INFO] ADCParametersView:116 -                Rank 1 : false
2023-05-11 17:45:56,082 [INFO] ADCParametersView:116 -                Rank 1 : false
2023-05-11 17:45:56,083 [INFO] ADCParametersView:116 -                Rank 1 : false
2023-05-11 17:45:56,083 [INFO] ADCParametersView:116 -                Rank 1 : false
2023-05-11 17:45:56,083 [INFO] ADCParametersView:116 -                Rank 1 : false
2023-05-11 17:45:56,083 [INFO] ADCParametersView:116 -                Rank 1 : false
2023-05-11 17:45:56,084 [INFO] ADCParametersView:116 -                Rank 1 : false
2023-05-11 17:45:56,119 [INFO] ADCParametersView:116 -                Rank 1 : false
2023-05-11 17:45:56,172 [INFO] ADCParametersView:116 -                Rank 1 : false
2023-05-11 17:45:56,172 [INFO] ADCParametersView:116 -                Rank 1 : false
2023-05-11 17:45:56,173 [INFO] ADCParametersView:116 -                Rank 1 : false
2023-05-11 17:45:56,173 [INFO] ADCParametersView:116 -                Rank 1 : false
2023-05-11 17:45:56,174 [INFO] ADCParametersView:116 -                Rank 1 : false
2023-05-11 17:45:56,174 [INFO] ADCParametersView:116 -                Rank 1 : false
2023-05-11 17:45:56,175 [INFO] ADCParametersView:116 -                Rank 1 : false
2023-05-11 17:45:56,176 [INFO] ADCParametersView:116 -                Rank 1 : false
2023-05-11 17:45:56,176 [INFO] ADCParametersView:116 -                Rank 1 : false
2023-05-11 17:45:56,177 [INFO] ADCParametersView:116 -                Rank 1 : false
2023-05-11 17:45:56,177 [INFO] ADCParametersView:116 -                Rank 1 : false
2023-05-11 17:45:56,178 [INFO] ADCParametersView:116 -                Rank 1 : false
2023-05-11 17:45:56,178 [INFO] ADCParametersView:116 -                Rank 1 : false
2023-05-11 17:45:56,178 [INFO] ADCParametersView:116 -                Rank 1 : false
2023-05-11 17:45:56,209 [INFO] ADCParametersView:116 -                Rank 1 : false
2023-05-11 17:46:36,641 [INFO] ADCParametersView:116 -                Rank 1 : false
2023-05-11 17:46:36,642 [INFO] ADCParametersView:116 -                Rank 1 : false
2023-05-11 17:46:36,642 [INFO] ADCParametersView:116 -                Rank 1 : false
2023-05-11 17:46:36,642 [INFO] ADCParametersView:116 -                Rank 1 : false
2023-05-11 17:46:36,642 [INFO] ADCParametersView:116 -                Rank 1 : false
2023-05-11 17:46:36,642 [INFO] ADCParametersView:116 -                Rank 1 : false
2023-05-11 17:46:36,642 [INFO] ADCParametersView:116 -                Rank 1 : false
2023-05-11 17:46:36,643 [INFO] ADCParametersView:116 -                Rank 1 : false
2023-05-11 17:46:36,643 [INFO] ADCParametersView:116 -                Rank 1 : false
2023-05-11 17:46:36,643 [INFO] ADCParametersView:116 -                Rank 1 : false
2023-05-11 17:46:36,643 [INFO] ADCParametersView:116 -                Rank 1 : false
2023-05-11 17:46:36,643 [INFO] ADCParametersView:116 -                Rank 1 : false
2023-05-11 17:46:36,643 [INFO] ADCParametersView:116 -                Rank 1 : false
2023-05-11 17:46:36,644 [INFO] ADCParametersView:116 -                Rank 1 : false
2023-05-11 17:46:36,658 [INFO] ADCParametersView:116 -                Rank 1 : false
2023-05-11 17:46:36,685 [INFO] ADCParametersView:116 -                Rank 1 : false
2023-05-11 17:46:36,686 [INFO] ADCParametersView:116 -                Rank 1 : false
2023-05-11 17:46:36,686 [INFO] ADCParametersView:116 -                Rank 1 : false
2023-05-11 17:46:36,686 [INFO] ADCParametersView:116 -                Rank 1 : false
2023-05-11 17:46:36,686 [INFO] ADCParametersView:116 -                Rank 1 : false
2023-05-11 17:46:36,687 [INFO] ADCParametersView:116 -                Rank 1 : false
2023-05-11 17:46:36,687 [INFO] ADCParametersView:116 -                Rank 1 : false
2023-05-11 17:46:36,687 [INFO] ADCParametersView:116 -                Rank 1 : false
2023-05-11 17:46:36,687 [INFO] ADCParametersView:116 -                Rank 1 : false
2023-05-11 17:46:36,687 [INFO] ADCParametersView:116 -                Rank 1 : false
2023-05-11 17:46:36,687 [INFO] ADCParametersView:116 -                Rank 1 : false
2023-05-11 17:46:36,687 [INFO] ADCParametersView:116 -                Rank 1 : false
2023-05-11 17:46:36,688 [INFO] ADCParametersView:116 -                Rank 1 : false
2023-05-11 17:46:36,688 [INFO] ADCParametersView:116 -                Rank 1 : false
2023-05-11 17:46:36,700 [INFO] ADCParametersView:116 -                Rank 1 : false
2023-05-11 17:46:36,825 [INFO] NvicIntPanel:101 - NVIC parent = com.st.microxplorer.plugins.ip.nvic.MultiNvicIntPanel[,0,0,0x0,invalid,layout=javax.swing.BoxLayout,alignmentX=0.0,alignmentY=0.0,border=,flags=9,maximumSize=,minimumSize=,preferredSize=]
2023-05-11 17:46:36,952 [INFO] NvicIntPanel:101 - NVIC parent = com.st.microxplorer.plugins.ip.nvic.MultiNvicIntPanel[,0,0,0x0,invalid,layout=javax.swing.BoxLayout,alignmentX=0.0,alignmentY=0.0,border=,flags=9,maximumSize=,minimumSize=,preferredSize=]
2023-05-11 17:46:37,070 [INFO] NvicIntPanel:101 - NVIC parent = com.st.microxplorer.plugins.ip.nvic.MultiNvicIntPanel[,0,0,0x0,invalid,layout=javax.swing.BoxLayout,alignmentX=0.0,alignmentY=0.0,border=,flags=9,maximumSize=,minimumSize=,preferredSize=]
2023-05-11 17:46:37,140 [INFO] ADCParametersView:116 -                Rank 1 : false
2023-05-11 17:46:37,140 [INFO] ADCParametersView:116 -                Rank 1 : false
2023-05-11 17:46:37,140 [INFO] ADCParametersView:116 -                Rank 1 : false
2023-05-11 17:46:37,140 [INFO] ADCParametersView:116 -                Rank 1 : false
2023-05-11 17:46:37,141 [INFO] ADCParametersView:116 -                Rank 1 : false
2023-05-11 17:46:37,141 [INFO] ADCParametersView:116 -                Rank 1 : false
2023-05-11 17:46:37,141 [INFO] ADCParametersView:116 -                Rank 1 : false
2023-05-11 17:46:37,141 [INFO] ADCParametersView:116 -                Rank 1 : false
2023-05-11 17:46:37,141 [INFO] ADCParametersView:116 -                Rank 1 : false
2023-05-11 17:46:37,142 [INFO] ADCParametersView:116 -                Rank 1 : false
2023-05-11 17:46:37,142 [INFO] ADCParametersView:116 -                Rank 1 : false
2023-05-11 17:46:37,142 [INFO] ADCParametersView:116 -                Rank 1 : false
2023-05-11 17:46:37,142 [INFO] ADCParametersView:116 -                Rank 1 : false
2023-05-11 17:46:37,142 [INFO] ADCParametersView:116 -                Rank 1 : false
2023-05-11 17:46:37,175 [INFO] ADCParametersView:116 -                Rank 1 : false
2023-05-11 17:46:37,248 [INFO] ADCParametersView:116 -                Rank 1 : false
2023-05-11 17:46:37,248 [INFO] ADCParametersView:116 -                Rank 1 : false
2023-05-11 17:46:37,249 [INFO] ADCParametersView:116 -                Rank 1 : false
2023-05-11 17:46:37,249 [INFO] ADCParametersView:116 -                Rank 1 : false
2023-05-11 17:46:37,249 [INFO] ADCParametersView:116 -                Rank 1 : false
2023-05-11 17:46:37,249 [INFO] ADCParametersView:116 -                Rank 1 : false
2023-05-11 17:46:37,250 [INFO] ADCParametersView:116 -                Rank 1 : false
2023-05-11 17:46:37,250 [INFO] ADCParametersView:116 -                Rank 1 : false
2023-05-11 17:46:37,250 [INFO] ADCParametersView:116 -                Rank 1 : false
2023-05-11 17:46:37,250 [INFO] ADCParametersView:116 -                Rank 1 : false
2023-05-11 17:46:37,250 [INFO] ADCParametersView:116 -                Rank 1 : false
2023-05-11 17:46:37,250 [INFO] ADCParametersView:116 -                Rank 1 : false
2023-05-11 17:46:37,251 [INFO] ADCParametersView:116 -                Rank 1 : false
2023-05-11 17:46:37,251 [INFO] ADCParametersView:116 -                Rank 1 : false
2023-05-11 17:46:37,283 [INFO] ADCParametersView:116 -                Rank 1 : false
