09:42:36 **** Incremental Build of configuration Debug for project CODE_HE_THONG_KHOA_CUA_1 ****
make -j16 all 
arm-none-eabi-gcc "../Drivers/STM32F4xx_HAL_Driver/Src/stm32f4xx_hal.c" -std=gnu11 -g -c -O0 -ffunction-sections -fdata-sections -Wall -fstack-usage -MMD -MP -MF"Drivers/STM32F4xx_HAL_Driver/Src/stm32f4xx_hal.d" -MT"Drivers/STM32F4xx_HAL_Driver/Src/stm32f4xx_hal.o" --specs=nano.specs -mfloat-abi=soft -mthumb -o "Drivers/STM32F4xx_HAL_Driver/Src/stm32f4xx_hal.o"
arm-none-eabi-gcc "../Drivers/STM32F4xx_HAL_Driver/Src/stm32f4xx_hal_cortex.c" -std=gnu11 -g -c -O0 -ffunction-sections -fdata-sections -Wall -fstack-usage -MMD -MP -MF"Drivers/STM32F4xx_HAL_Driver/Src/stm32f4xx_hal_cortex.d" -MT"Drivers/STM32F4xx_HAL_Driver/Src/stm32f4xx_hal_cortex.o" --specs=nano.specs -mfloat-abi=soft -mthumb -o "Drivers/STM32F4xx_HAL_Driver/Src/stm32f4xx_hal_cortex.o"
arm-none-eabi-gcc "../Drivers/STM32F4xx_HAL_Driver/Src/stm32f4xx_hal_dma.c" -std=gnu11 -g -c -O0 -ffunction-sections -fdata-sections -Wall -fstack-usage -MMD -MP -MF"Drivers/STM32F4xx_HAL_Driver/Src/stm32f4xx_hal_dma.d" -MT"Drivers/STM32F4xx_HAL_Driver/Src/stm32f4xx_hal_dma.o" --specs=nano.specs -mfloat-abi=soft -mthumb -o "Drivers/STM32F4xx_HAL_Driver/Src/stm32f4xx_hal_dma.o"
arm-none-eabi-gcc "../Drivers/STM32F4xx_HAL_Driver/Src/stm32f4xx_hal_dma_ex.c" -std=gnu11 -g -c -O0 -ffunction-sections -fdata-sections -Wall -fstack-usage -MMD -MP -MF"Drivers/STM32F4xx_HAL_Driver/Src/stm32f4xx_hal_dma_ex.d" -MT"Drivers/STM32F4xx_HAL_Driver/Src/stm32f4xx_hal_dma_ex.o" --specs=nano.specs -mfloat-abi=soft -mthumb -o "Drivers/STM32F4xx_HAL_Driver/Src/stm32f4xx_hal_dma_ex.o"
arm-none-eabi-gcc "../Drivers/STM32F4xx_HAL_Driver/Src/stm32f4xx_hal_exti.c" -std=gnu11 -g -c -O0 -ffunction-sections -fdata-sections -Wall -fstack-usage -MMD -MP -MF"Drivers/STM32F4xx_HAL_Driver/Src/stm32f4xx_hal_exti.d" -MT"Drivers/STM32F4xx_HAL_Driver/Src/stm32f4xx_hal_exti.o" --specs=nano.specs -mfloat-abi=soft -mthumb -o "Drivers/STM32F4xx_HAL_Driver/Src/stm32f4xx_hal_exti.o"
arm-none-eabi-gcc "../Drivers/STM32F4xx_HAL_Driver/Src/stm32f4xx_hal_flash.c" -std=gnu11 -g -c -O0 -ffunction-sections -fdata-sections -Wall -fstack-usage -MMD -MP -MF"Drivers/STM32F4xx_HAL_Driver/Src/stm32f4xx_hal_flash.d" -MT"Drivers/STM32F4xx_HAL_Driver/Src/stm32f4xx_hal_flash.o" --specs=nano.specs -mfloat-abi=soft -mthumb -o "Drivers/STM32F4xx_HAL_Driver/Src/stm32f4xx_hal_flash.o"
arm-none-eabi-gcc "../Drivers/STM32F4xx_HAL_Driver/Src/stm32f4xx_hal_flash_ex.c" -std=gnu11 -g -c -O0 -ffunction-sections -fdata-sections -Wall -fstack-usage -MMD -MP -MF"Drivers/STM32F4xx_HAL_Driver/Src/stm32f4xx_hal_flash_ex.d" -MT"Drivers/STM32F4xx_HAL_Driver/Src/stm32f4xx_hal_flash_ex.o" --specs=nano.specs -mfloat-abi=soft -mthumb -o "Drivers/STM32F4xx_HAL_Driver/Src/stm32f4xx_hal_flash_ex.o"
arm-none-eabi-gcc "../Drivers/STM32F4xx_HAL_Driver/Src/stm32f4xx_hal_flash_ramfunc.c" -std=gnu11 -g -c -O0 -ffunction-sections -fdata-sections -Wall -fstack-usage -MMD -MP -MF"Drivers/STM32F4xx_HAL_Driver/Src/stm32f4xx_hal_flash_ramfunc.d" -MT"Drivers/STM32F4xx_HAL_Driver/Src/stm32f4xx_hal_flash_ramfunc.o" --specs=nano.specs -mfloat-abi=soft -mthumb -o "Drivers/STM32F4xx_HAL_Driver/Src/stm32f4xx_hal_flash_ramfunc.o"
arm-none-eabi-gcc "../Drivers/STM32F4xx_HAL_Driver/Src/stm32f4xx_hal_gpio.c" -std=gnu11 -g -c -O0 -ffunction-sections -fdata-sections -Wall -fstack-usage -MMD -MP -MF"Drivers/STM32F4xx_HAL_Driver/Src/stm32f4xx_hal_gpio.d" -MT"Drivers/STM32F4xx_HAL_Driver/Src/stm32f4xx_hal_gpio.o" --specs=nano.specs -mfloat-abi=soft -mthumb -o "Drivers/STM32F4xx_HAL_Driver/Src/stm32f4xx_hal_gpio.o"
arm-none-eabi-gcc "../Drivers/STM32F4xx_HAL_Driver/Src/stm32f4xx_hal_i2c.c" -std=gnu11 -g -c -O0 -ffunction-sections -fdata-sections -Wall -fstack-usage -MMD -MP -MF"Drivers/STM32F4xx_HAL_Driver/Src/stm32f4xx_hal_i2c.d" -MT"Drivers/STM32F4xx_HAL_Driver/Src/stm32f4xx_hal_i2c.o" --specs=nano.specs -mfloat-abi=soft -mthumb -o "Drivers/STM32F4xx_HAL_Driver/Src/stm32f4xx_hal_i2c.o"
../Drivers/STM32F4xx_HAL_Driver/Src/stm32f4xx_hal.c:36:10: fatal error: stm32f4xx_hal.h: No such file or directory
arm-none-eabi-gcc "../Drivers/STM32F4xx_HAL_Driver/Src/stm32f4xx_hal_i2c_ex.c" -std=gnu11 -g -c -O0 -ffunction-sections -fdata-sections -Wall -fstack-usage -MMD -MP -MF"Drivers/STM32F4xx_HAL_Driver/Src/stm32f4xx_hal_i2c_ex.d" -MT"Drivers/STM32F4xx_HAL_Driver/Src/stm32f4xx_hal_i2c_ex.o" --specs=nano.specs -mfloat-abi=soft -mthumb -o "Drivers/STM32F4xx_HAL_Driver/Src/stm32f4xx_hal_i2c_ex.o"
   36 | #include "stm32f4xx_hal.h"
      |          ^~~~~~~~~~~~~~~~~
compilation terminated.
../Drivers/STM32F4xx_HAL_Driver/Src/stm32f4xx_hal_cortex.c:81:10: fatal error: stm32f4xx_hal.h: No such file or directory
   81 | #include "stm32f4xx_hal.h"
      |          ^~~~~~~~~~~~~~~~~
compilation terminated.
arm-none-eabi-gcc "../Drivers/STM32F4xx_HAL_Driver/Src/stm32f4xx_hal_pwr.c" -std=gnu11 -g -c -O0 -ffunction-sections -fdata-sections -Wall -fstack-usage -MMD -MP -MF"Drivers/STM32F4xx_HAL_Driver/Src/stm32f4xx_hal_pwr.d" -MT"Drivers/STM32F4xx_HAL_Driver/Src/stm32f4xx_hal_pwr.o" --specs=nano.specs -mfloat-abi=soft -mthumb -o "Drivers/STM32F4xx_HAL_Driver/Src/stm32f4xx_hal_pwr.o"
../Drivers/STM32F4xx_HAL_Driver/Src/stm32f4xx_hal_dma.c:97:10: fatal error: stm32f4xx_hal.h: No such file or directory
   97 | #include "stm32f4xx_hal.h"
      |          ^~~~~~~~~~~~~~~~~
compilation terminated.
make: *** [Drivers/STM32F4xx_HAL_Driver/Src/subdir.mk:73: Drivers/STM32F4xx_HAL_Driver/Src/stm32f4xx_hal.o] Error 1
make: *** Waiting for unfinished jobs....
../Drivers/STM32F4xx_HAL_Driver/Src/stm32f4xx_hal_dma_ex.c:39:10: fatal error: stm32f4xx_hal.h: No such file or directory
   39 | #include "stm32f4xx_hal.h"
      |          ^~~~~~~~~~~~~~~~~
compilation terminated.
make: *** [Drivers/STM32F4xx_HAL_Driver/Src/subdir.mk:73: Drivers/STM32F4xx_HAL_Driver/Src/stm32f4xx_hal_cortex.o] Error 1
make: *** [Drivers/STM32F4xx_HAL_Driver/Src/subdir.mk:73: Drivers/STM32F4xx_HAL_Driver/Src/stm32f4xx_hal_dma.o] Error 1
../Drivers/STM32F4xx_HAL_Driver/Src/stm32f4xx_hal_exti.c:86:10: fatal error: stm32f4xx_hal.h: No such file or directory
   86 | #include "stm32f4xx_hal.h"
      |          ^~~~~~~~~~~~~~~~~
compilation terminated.
make: *** [Drivers/STM32F4xx_HAL_Driver/Src/subdir.mk:73: Drivers/STM32F4xx_HAL_Driver/Src/stm32f4xx_hal_dma_ex.o] Error 1
../Drivers/STM32F4xx_HAL_Driver/Src/stm32f4xx_hal_flash.c:76:10: fatal error: stm32f4xx_hal.h: No such file or directory
   76 | #include "stm32f4xx_hal.h"
      |          ^~~~~~~~~~~~~~~~~
compilation terminated.
make: *** [Drivers/STM32F4xx_HAL_Driver/Src/subdir.mk:73: Drivers/STM32F4xx_HAL_Driver/Src/stm32f4xx_hal_exti.o] Error 1
../Drivers/STM32F4xx_HAL_Driver/Src/stm32f4xx_hal_flash_ex.c:62:10: fatal error: stm32f4xx_hal.h: No such file or directory
   62 | #include "stm32f4xx_hal.h"
      |          ^~~~~~~~~~~~~~~~~
compilation terminated.
make: *** [Drivers/STM32F4xx_HAL_Driver/Src/subdir.mk:73: Drivers/STM32F4xx_HAL_Driver/Src/stm32f4xx_hal_flash.o] Error 1
../Drivers/STM32F4xx_HAL_Driver/Src/stm32f4xx_hal_flash_ramfunc.c:47:10: fatal error: stm32f4xx_hal.h: No such file or directory
   47 | #include "stm32f4xx_hal.h"
      |          ^~~~~~~~~~~~~~~~~
compilation terminated.
make: *** [Drivers/STM32F4xx_HAL_Driver/Src/subdir.mk:73: Drivers/STM32F4xx_HAL_Driver/Src/stm32f4xx_hal_flash_ex.o] Error 1
../Drivers/STM32F4xx_HAL_Driver/Src/stm32f4xx_hal_gpio.c:108:10: fatal error: stm32f4xx_hal.h: No such file or directory
  108 | #include "stm32f4xx_hal.h"
      |          ^~~~~~~~~~~~~~~~~
compilation terminated.
make: *** [Drivers/STM32F4xx_HAL_Driver/Src/subdir.mk:73: Drivers/STM32F4xx_HAL_Driver/Src/stm32f4xx_hal_flash_ramfunc.o] Error 1
../Drivers/STM32F4xx_HAL_Driver/Src/stm32f4xx_hal_i2c.c:301:10: fatal error: stm32f4xx_hal.h: No such file or directory
  301 | #include "stm32f4xx_hal.h"
      |          ^~~~~~~~~~~~~~~~~
compilation terminated.
make: *** [Drivers/STM32F4xx_HAL_Driver/Src/subdir.mk:73: Drivers/STM32F4xx_HAL_Driver/Src/stm32f4xx_hal_gpio.o] Error 1
make: *** [Drivers/STM32F4xx_HAL_Driver/Src/subdir.mk:73: Drivers/STM32F4xx_HAL_Driver/Src/stm32f4xx_hal_i2c.o] Error 1
../Drivers/STM32F4xx_HAL_Driver/Src/stm32f4xx_hal_pwr.c:24:10: fatal error: stm32f4xx_hal.h: No such file or directory
   24 | #include "stm32f4xx_hal.h"
      |          ^~~~~~~~~~~~~~~~~
compilation terminated.
../Drivers/STM32F4xx_HAL_Driver/Src/stm32f4xx_hal_i2c_ex.c:42:10: fatal error: stm32f4xx_hal.h: No such file or directory
   42 | #include "stm32f4xx_hal.h"
      |          ^~~~~~~~~~~~~~~~~
compilation terminated.
make: *** [Drivers/STM32F4xx_HAL_Driver/Src/subdir.mk:73: Drivers/STM32F4xx_HAL_Driver/Src/stm32f4xx_hal_pwr.o] Error 1
make: *** [Drivers/STM32F4xx_HAL_Driver/Src/subdir.mk:73: Drivers/STM32F4xx_HAL_Driver/Src/stm32f4xx_hal_i2c_ex.o] Error 1
"make -j16 all" terminated with exit code 2. Build might be incomplete.

09:42:36 Build Failed. 25 errors, 0 warnings. (took 303ms)

